[0.069s] DEBUG:colcon:Command line arguments: ['/usr/bin/colcon', 'build', '--packages-up-to', 'explore_lite', '--symlink-install']
[0.069s] DEBUG:colcon:Parsed command line arguments: Namespace(log_base=None, log_level=None, verb_name='build', build_base='build', install_base='install', merge_install=False, symlink_install=True, test_result_base=None, continue_on_error=False, executor='parallel', parallel_workers=18, event_handlers=None, ignore_user_meta=False, metas=['./colcon.meta'], base_paths=['.'], packages_ignore=None, packages_ignore_regex=None, paths=None, packages_up_to=['explore_lite'], packages_up_to_regex=None, packages_above=None, packages_above_and_dependencies=None, packages_above_depth=None, packages_select_by_dep=None, packages_skip_by_dep=None, packages_skip_up_to=None, packages_select_build_failed=False, packages_skip_build_finished=False, packages_select_test_failures=False, packages_skip_test_passed=False, packages_select=None, packages_skip=None, packages_select_regex=None, packages_skip_regex=None, packages_start=None, packages_end=None, allow_overriding=[], cmake_args=None, cmake_target=None, cmake_target_skip_unavailable=False, cmake_clean_cache=False, cmake_clean_first=False, cmake_force_configure=False, ament_cmake_args=None, catkin_cmake_args=None, catkin_skip_building_tests=False, mixin_files=None, mixin=None, verb_parser=<colcon_mixin.mixin.mixin_argument.MixinArgumentDecorator object at 0x7e90f1e7a3b0>, verb_extension=<colcon_core.verb.build.BuildVerb object at 0x7e90f1e799f0>, main=<bound method BuildVerb.main of <colcon_core.verb.build.BuildVerb object at 0x7e90f1e799f0>>, mixin_verb=('build',))
[0.170s] Level 1:colcon.colcon_core.package_discovery:discover_packages(colcon_meta) check parameters
[0.170s] Level 1:colcon.colcon_core.package_discovery:discover_packages(recursive) check parameters
[0.170s] Level 1:colcon.colcon_core.package_discovery:discover_packages(ignore) check parameters
[0.170s] Level 1:colcon.colcon_core.package_discovery:discover_packages(path) check parameters
[0.170s] Level 1:colcon.colcon_core.package_discovery:discover_packages(colcon_meta) discover
[0.170s] Level 1:colcon.colcon_core.package_discovery:discover_packages(recursive) discover
[0.170s] INFO:colcon.colcon_core.package_discovery:Crawling recursively for packages in '/home/notch/turtlebot3_ws/src/m-explore-ros2'
[0.170s] Level 1:colcon.colcon_core.package_identification:_identify(.) by extensions ['ignore', 'ignore_ament_install']
[0.170s] Level 1:colcon.colcon_core.package_identification:_identify(.) by extension 'ignore'
[0.171s] Level 1:colcon.colcon_core.package_identification:_identify(.) by extension 'ignore_ament_install'
[0.171s] Level 1:colcon.colcon_core.package_identification:_identify(.) by extensions ['colcon_pkg']
[0.171s] Level 1:colcon.colcon_core.package_identification:_identify(.) by extension 'colcon_pkg'
[0.171s] Level 1:colcon.colcon_core.package_identification:_identify(.) by extensions ['colcon_meta']
[0.171s] Level 1:colcon.colcon_core.package_identification:_identify(.) by extension 'colcon_meta'
[0.171s] Level 1:colcon.colcon_core.package_identification:_identify(.) by extensions ['ros']
[0.171s] Level 1:colcon.colcon_core.package_identification:_identify(.) by extension 'ros'
[0.177s] Level 1:colcon.colcon_core.package_identification:_identify(.) by extensions ['cmake', 'python']
[0.177s] Level 1:colcon.colcon_core.package_identification:_identify(.) by extension 'cmake'
[0.177s] Level 1:colcon.colcon_core.package_identification:_identify(.) by extension 'python'
[0.177s] Level 1:colcon.colcon_core.package_identification:_identify(.) by extensions ['python_setup_py']
[0.177s] Level 1:colcon.colcon_core.package_identification:_identify(.) by extension 'python_setup_py'
[0.177s] Level 1:colcon.colcon_core.package_identification:_identify(build) by extensions ['ignore', 'ignore_ament_install']
[0.177s] Level 1:colcon.colcon_core.package_identification:_identify(build) by extension 'ignore'
[0.177s] Level 1:colcon.colcon_core.package_identification:_identify(build) ignored
[0.177s] Level 1:colcon.colcon_core.package_identification:_identify(explore) by extensions ['ignore', 'ignore_ament_install']
[0.177s] Level 1:colcon.colcon_core.package_identification:_identify(explore) by extension 'ignore'
[0.177s] Level 1:colcon.colcon_core.package_identification:_identify(explore) by extension 'ignore_ament_install'
[0.177s] Level 1:colcon.colcon_core.package_identification:_identify(explore) by extensions ['colcon_pkg']
[0.177s] Level 1:colcon.colcon_core.package_identification:_identify(explore) by extension 'colcon_pkg'
[0.178s] Level 1:colcon.colcon_core.package_identification:_identify(explore) by extensions ['colcon_meta']
[0.178s] Level 1:colcon.colcon_core.package_identification:_identify(explore) by extension 'colcon_meta'
[0.178s] Level 1:colcon.colcon_core.package_identification:_identify(explore) by extensions ['ros']
[0.178s] Level 1:colcon.colcon_core.package_identification:_identify(explore) by extension 'ros'
[0.179s] DEBUG:colcon.colcon_core.package_identification:Package 'explore' with type 'ros.ament_cmake' and name 'explore_lite'
[0.179s] Level 1:colcon.colcon_core.package_identification:_identify(explore_lite_msgs) by extensions ['ignore', 'ignore_ament_install']
[0.179s] Level 1:colcon.colcon_core.package_identification:_identify(explore_lite_msgs) by extension 'ignore'
[0.179s] Level 1:colcon.colcon_core.package_identification:_identify(explore_lite_msgs) by extension 'ignore_ament_install'
[0.179s] Level 1:colcon.colcon_core.package_identification:_identify(explore_lite_msgs) by extensions ['colcon_pkg']
[0.180s] Level 1:colcon.colcon_core.package_identification:_identify(explore_lite_msgs) by extension 'colcon_pkg'
[0.180s] Level 1:colcon.colcon_core.package_identification:_identify(explore_lite_msgs) by extensions ['colcon_meta']
[0.180s] Level 1:colcon.colcon_core.package_identification:_identify(explore_lite_msgs) by extension 'colcon_meta'
[0.180s] Level 1:colcon.colcon_core.package_identification:_identify(explore_lite_msgs) by extensions ['ros']
[0.180s] Level 1:colcon.colcon_core.package_identification:_identify(explore_lite_msgs) by extension 'ros'
[0.180s] DEBUG:colcon.colcon_core.package_identification:Package 'explore_lite_msgs' with type 'ros.ament_cmake' and name 'explore_lite_msgs'
[0.180s] Level 1:colcon.colcon_core.package_identification:_identify(install) by extensions ['ignore', 'ignore_ament_install']
[0.180s] Level 1:colcon.colcon_core.package_identification:_identify(install) by extension 'ignore'
[0.180s] Level 1:colcon.colcon_core.package_identification:_identify(install) ignored
[0.180s] Level 1:colcon.colcon_core.package_identification:_identify(log) by extensions ['ignore', 'ignore_ament_install']
[0.180s] Level 1:colcon.colcon_core.package_identification:_identify(log) by extension 'ignore'
[0.180s] Level 1:colcon.colcon_core.package_identification:_identify(log) ignored
[0.180s] Level 1:colcon.colcon_core.package_discovery:discover_packages(recursive) using defaults
[0.180s] Level 1:colcon.colcon_core.package_discovery:discover_packages(ignore) discover
[0.180s] Level 1:colcon.colcon_core.package_discovery:discover_packages(ignore) using defaults
[0.180s] Level 1:colcon.colcon_core.package_discovery:discover_packages(path) discover
[0.180s] Level 1:colcon.colcon_core.package_discovery:discover_packages(path) using defaults
[0.199s] Level 1:colcon.colcon_core.package_discovery:discover_packages(prefix_path) check parameters
[0.199s] Level 1:colcon.colcon_core.package_discovery:discover_packages(prefix_path) discover
[0.201s] DEBUG:colcon.colcon_installed_package_information.package_discovery:Found 2 installed packages in /home/notch/turtlebot3_ws/src/m-explore-ros2/install
[0.202s] DEBUG:colcon.colcon_installed_package_information.package_discovery:Found 35 installed packages in /home/notch/turtlebot3_ws/install
[0.202s] DEBUG:colcon.colcon_installed_package_information.package_discovery:Found 1 installed packages in /home/notch/turtlebot3_ws/src/install
[0.203s] DEBUG:colcon.colcon_installed_package_information.package_discovery:Found 28 installed packages in /home/notch/install
[0.204s] DEBUG:colcon.colcon_installed_package_information.package_discovery:Found 397 installed packages in /opt/ros/humble
[0.205s] Level 1:colcon.colcon_core.package_discovery:discover_packages(prefix_path) using defaults
[0.233s] Level 5:colcon.colcon_core.verb:set package 'explore_lite_msgs' build argument 'cmake_args' from command line to 'None'
[0.233s] Level 5:colcon.colcon_core.verb:set package 'explore_lite_msgs' build argument 'cmake_target' from command line to 'None'
[0.233s] Level 5:colcon.colcon_core.verb:set package 'explore_lite_msgs' build argument 'cmake_target_skip_unavailable' from command line to 'False'
[0.233s] Level 5:colcon.colcon_core.verb:set package 'explore_lite_msgs' build argument 'cmake_clean_cache' from command line to 'False'
[0.233s] Level 5:colcon.colcon_core.verb:set package 'explore_lite_msgs' build argument 'cmake_clean_first' from command line to 'False'
[0.233s] Level 5:colcon.colcon_core.verb:set package 'explore_lite_msgs' build argument 'cmake_force_configure' from command line to 'False'
[0.233s] Level 5:colcon.colcon_core.verb:set package 'explore_lite_msgs' build argument 'ament_cmake_args' from command line to 'None'
[0.233s] Level 5:colcon.colcon_core.verb:set package 'explore_lite_msgs' build argument 'catkin_cmake_args' from command line to 'None'
[0.233s] Level 5:colcon.colcon_core.verb:set package 'explore_lite_msgs' build argument 'catkin_skip_building_tests' from command line to 'False'
[0.233s] DEBUG:colcon.colcon_core.verb:Building package 'explore_lite_msgs' with the following arguments: {'ament_cmake_args': None, 'build_base': '/home/notch/turtlebot3_ws/src/m-explore-ros2/build/explore_lite_msgs', 'catkin_cmake_args': None, 'catkin_skip_building_tests': False, 'cmake_args': None, 'cmake_clean_cache': False, 'cmake_clean_first': False, 'cmake_force_configure': False, 'cmake_target': None, 'cmake_target_skip_unavailable': False, 'install_base': '/home/notch/turtlebot3_ws/src/m-explore-ros2/install/explore_lite_msgs', 'merge_install': False, 'path': '/home/notch/turtlebot3_ws/src/m-explore-ros2/explore_lite_msgs', 'symlink_install': True, 'test_result_base': None}
[0.233s] Level 5:colcon.colcon_core.verb:set package 'explore_lite' build argument 'cmake_args' from command line to 'None'
[0.233s] Level 5:colcon.colcon_core.verb:set package 'explore_lite' build argument 'cmake_target' from command line to 'None'
[0.233s] Level 5:colcon.colcon_core.verb:set package 'explore_lite' build argument 'cmake_target_skip_unavailable' from command line to 'False'
[0.233s] Level 5:colcon.colcon_core.verb:set package 'explore_lite' build argument 'cmake_clean_cache' from command line to 'False'
[0.233s] Level 5:colcon.colcon_core.verb:set package 'explore_lite' build argument 'cmake_clean_first' from command line to 'False'
[0.233s] Level 5:colcon.colcon_core.verb:set package 'explore_lite' build argument 'cmake_force_configure' from command line to 'False'
[0.233s] Level 5:colcon.colcon_core.verb:set package 'explore_lite' build argument 'ament_cmake_args' from command line to 'None'
[0.233s] Level 5:colcon.colcon_core.verb:set package 'explore_lite' build argument 'catkin_cmake_args' from command line to 'None'
[0.233s] Level 5:colcon.colcon_core.verb:set package 'explore_lite' build argument 'catkin_skip_building_tests' from command line to 'False'
[0.233s] DEBUG:colcon.colcon_core.verb:Building package 'explore_lite' with the following arguments: {'ament_cmake_args': None, 'build_base': '/home/notch/turtlebot3_ws/src/m-explore-ros2/build/explore_lite', 'catkin_cmake_args': None, 'catkin_skip_building_tests': False, 'cmake_args': None, 'cmake_clean_cache': False, 'cmake_clean_first': False, 'cmake_force_configure': False, 'cmake_target': None, 'cmake_target_skip_unavailable': False, 'install_base': '/home/notch/turtlebot3_ws/src/m-explore-ros2/install/explore_lite', 'merge_install': False, 'path': '/home/notch/turtlebot3_ws/src/m-explore-ros2/explore', 'symlink_install': True, 'test_result_base': None}
[0.233s] INFO:colcon.colcon_core.executor:Executing jobs using 'parallel' executor
[0.234s] DEBUG:colcon.colcon_parallel_executor.executor.parallel:run_until_complete
[0.235s] INFO:colcon.colcon_ros.task.ament_cmake.build:Building ROS package in '/home/notch/turtlebot3_ws/src/m-explore-ros2/explore_lite_msgs' with build type 'ament_cmake'
[0.235s] INFO:colcon.colcon_cmake.task.cmake.build:Building CMake package in '/home/notch/turtlebot3_ws/src/m-explore-ros2/explore_lite_msgs'
[0.237s] INFO:colcon.colcon_core.plugin_system:Skipping extension 'colcon_core.shell.bat': Not used on non-Windows systems
[0.237s] INFO:colcon.colcon_core.shell:Skip shell extension 'powershell' for command environment: Not usable outside of PowerShell
[0.238s] DEBUG:colcon.colcon_core.shell:Skip shell extension 'dsv' for command environment
[0.250s] DEBUG:colcon.colcon_core.event_handler.log_command:Invoking command in '/home/notch/turtlebot3_ws/src/m-explore-ros2/build/explore_lite_msgs': CMAKE_PREFIX_PATH=${CMAKE_PREFIX_PATH}:/home/notch/turtlebot3_ws/install/turtlebot3_teleop:/home/notch/turtlebot3_ws/install/turtlebot3_example:/home/notch/turtlebot3_ws/install/py_pubsub:/home/notch/turtlebot3_ws/install/my_explorer:/home/notch/turtlebot3_ws/install/auto_nav:/home/notch/install/turtlebot3_teleop:/home/notch/install/turtlebot3_example:/home/notch/install/my_explorer:/home/notch/install/auto_nav:/opt/ros/humble /usr/bin/cmake --build /home/notch/turtlebot3_ws/src/m-explore-ros2/build/explore_lite_msgs -- -j18 -l18
[0.507s] DEBUG:colcon.colcon_core.event_handler.log_command:Invoked command in '/home/notch/turtlebot3_ws/src/m-explore-ros2/build/explore_lite_msgs' returned '0': CMAKE_PREFIX_PATH=${CMAKE_PREFIX_PATH}:/home/notch/turtlebot3_ws/install/turtlebot3_teleop:/home/notch/turtlebot3_ws/install/turtlebot3_example:/home/notch/turtlebot3_ws/install/py_pubsub:/home/notch/turtlebot3_ws/install/my_explorer:/home/notch/turtlebot3_ws/install/auto_nav:/home/notch/install/turtlebot3_teleop:/home/notch/install/turtlebot3_example:/home/notch/install/my_explorer:/home/notch/install/auto_nav:/opt/ros/humble /usr/bin/cmake --build /home/notch/turtlebot3_ws/src/m-explore-ros2/build/explore_lite_msgs -- -j18 -l18
[0.516s] DEBUG:colcon.colcon_core.event_handler.log_command:Invoking command in '/home/notch/turtlebot3_ws/src/m-explore-ros2/build/explore_lite_msgs': CMAKE_PREFIX_PATH=${CMAKE_PREFIX_PATH}:/home/notch/turtlebot3_ws/install/turtlebot3_teleop:/home/notch/turtlebot3_ws/install/turtlebot3_example:/home/notch/turtlebot3_ws/install/py_pubsub:/home/notch/turtlebot3_ws/install/my_explorer:/home/notch/turtlebot3_ws/install/auto_nav:/home/notch/install/turtlebot3_teleop:/home/notch/install/turtlebot3_example:/home/notch/install/my_explorer:/home/notch/install/auto_nav:/opt/ros/humble /usr/bin/cmake --install /home/notch/turtlebot3_ws/src/m-explore-ros2/build/explore_lite_msgs
[0.573s] Level 1:colcon.colcon_core.environment:create_environment_scripts_only(explore_lite_msgs)
[0.573s] DEBUG:colcon.colcon_core.event_handler.log_command:Invoked command in '/home/notch/turtlebot3_ws/src/m-explore-ros2/build/explore_lite_msgs' returned '0': CMAKE_PREFIX_PATH=${CMAKE_PREFIX_PATH}:/home/notch/turtlebot3_ws/install/turtlebot3_teleop:/home/notch/turtlebot3_ws/install/turtlebot3_example:/home/notch/turtlebot3_ws/install/py_pubsub:/home/notch/turtlebot3_ws/install/my_explorer:/home/notch/turtlebot3_ws/install/auto_nav:/home/notch/install/turtlebot3_teleop:/home/notch/install/turtlebot3_example:/home/notch/install/my_explorer:/home/notch/install/auto_nav:/opt/ros/humble /usr/bin/cmake --install /home/notch/turtlebot3_ws/src/m-explore-ros2/build/explore_lite_msgs
[0.575s] Level 1:colcon.colcon_core.environment:checking '/home/notch/turtlebot3_ws/src/m-explore-ros2/install/explore_lite_msgs' for CMake module files
[0.575s] Level 1:colcon.colcon_core.environment:checking '/home/notch/turtlebot3_ws/src/m-explore-ros2/install/explore_lite_msgs' for CMake config files
[0.576s] Level 1:colcon.colcon_core.shell:create_environment_hook('explore_lite_msgs', 'cmake_prefix_path')
[0.576s] INFO:colcon.colcon_core.shell:Creating environment hook '/home/notch/turtlebot3_ws/src/m-explore-ros2/install/explore_lite_msgs/share/explore_lite_msgs/hook/cmake_prefix_path.ps1'
[0.576s] INFO:colcon.colcon_core.shell:Creating environment descriptor '/home/notch/turtlebot3_ws/src/m-explore-ros2/install/explore_lite_msgs/share/explore_lite_msgs/hook/cmake_prefix_path.dsv'
[0.576s] INFO:colcon.colcon_core.shell:Creating environment hook '/home/notch/turtlebot3_ws/src/m-explore-ros2/install/explore_lite_msgs/share/explore_lite_msgs/hook/cmake_prefix_path.sh'
[0.577s] Level 1:colcon.colcon_core.environment:checking '/home/notch/turtlebot3_ws/src/m-explore-ros2/install/explore_lite_msgs/lib'
[0.577s] Level 1:colcon.colcon_core.shell:create_environment_hook('explore_lite_msgs', 'ld_library_path_lib')
[0.577s] INFO:colcon.colcon_core.shell:Creating environment hook '/home/notch/turtlebot3_ws/src/m-explore-ros2/install/explore_lite_msgs/share/explore_lite_msgs/hook/ld_library_path_lib.ps1'
[0.577s] INFO:colcon.colcon_core.shell:Creating environment descriptor '/home/notch/turtlebot3_ws/src/m-explore-ros2/install/explore_lite_msgs/share/explore_lite_msgs/hook/ld_library_path_lib.dsv'
[0.577s] INFO:colcon.colcon_core.shell:Creating environment hook '/home/notch/turtlebot3_ws/src/m-explore-ros2/install/explore_lite_msgs/share/explore_lite_msgs/hook/ld_library_path_lib.sh'
[0.578s] Level 1:colcon.colcon_core.environment:checking '/home/notch/turtlebot3_ws/src/m-explore-ros2/install/explore_lite_msgs/bin'
[0.578s] Level 1:colcon.colcon_core.environment:checking '/home/notch/turtlebot3_ws/src/m-explore-ros2/install/explore_lite_msgs/lib/pkgconfig/explore_lite_msgs.pc'
[0.578s] Level 1:colcon.colcon_core.environment:checking '/home/notch/turtlebot3_ws/src/m-explore-ros2/install/explore_lite_msgs/lib/python3.10/site-packages'
[0.578s] Level 1:colcon.colcon_core.environment:checking '/home/notch/turtlebot3_ws/src/m-explore-ros2/install/explore_lite_msgs/bin'
[0.578s] INFO:colcon.colcon_core.shell:Creating package script '/home/notch/turtlebot3_ws/src/m-explore-ros2/install/explore_lite_msgs/share/explore_lite_msgs/package.ps1'
[0.579s] INFO:colcon.colcon_core.shell:Creating package descriptor '/home/notch/turtlebot3_ws/src/m-explore-ros2/install/explore_lite_msgs/share/explore_lite_msgs/package.dsv'
[0.579s] INFO:colcon.colcon_core.shell:Creating package script '/home/notch/turtlebot3_ws/src/m-explore-ros2/install/explore_lite_msgs/share/explore_lite_msgs/package.sh'
[0.579s] INFO:colcon.colcon_core.shell:Creating package script '/home/notch/turtlebot3_ws/src/m-explore-ros2/install/explore_lite_msgs/share/explore_lite_msgs/package.bash'
[0.580s] INFO:colcon.colcon_core.shell:Creating package script '/home/notch/turtlebot3_ws/src/m-explore-ros2/install/explore_lite_msgs/share/explore_lite_msgs/package.zsh'
[0.580s] Level 1:colcon.colcon_core.environment:create_file_with_runtime_dependencies(/home/notch/turtlebot3_ws/src/m-explore-ros2/install/explore_lite_msgs/share/colcon-core/packages/explore_lite_msgs)
[0.580s] Level 1:colcon.colcon_core.environment:create_environment_scripts_only(explore_lite_msgs)
[0.581s] Level 1:colcon.colcon_core.environment:checking '/home/notch/turtlebot3_ws/src/m-explore-ros2/install/explore_lite_msgs' for CMake module files
[0.581s] Level 1:colcon.colcon_core.environment:checking '/home/notch/turtlebot3_ws/src/m-explore-ros2/install/explore_lite_msgs' for CMake config files
[0.581s] Level 1:colcon.colcon_core.shell:create_environment_hook('explore_lite_msgs', 'cmake_prefix_path')
[0.581s] INFO:colcon.colcon_core.shell:Creating environment hook '/home/notch/turtlebot3_ws/src/m-explore-ros2/install/explore_lite_msgs/share/explore_lite_msgs/hook/cmake_prefix_path.ps1'
[0.581s] INFO:colcon.colcon_core.shell:Creating environment descriptor '/home/notch/turtlebot3_ws/src/m-explore-ros2/install/explore_lite_msgs/share/explore_lite_msgs/hook/cmake_prefix_path.dsv'
[0.582s] INFO:colcon.colcon_core.shell:Creating environment hook '/home/notch/turtlebot3_ws/src/m-explore-ros2/install/explore_lite_msgs/share/explore_lite_msgs/hook/cmake_prefix_path.sh'
[0.582s] Level 1:colcon.colcon_core.environment:checking '/home/notch/turtlebot3_ws/src/m-explore-ros2/install/explore_lite_msgs/lib'
[0.582s] Level 1:colcon.colcon_core.shell:create_environment_hook('explore_lite_msgs', 'ld_library_path_lib')
[0.582s] INFO:colcon.colcon_core.shell:Creating environment hook '/home/notch/turtlebot3_ws/src/m-explore-ros2/install/explore_lite_msgs/share/explore_lite_msgs/hook/ld_library_path_lib.ps1'
[0.582s] INFO:colcon.colcon_core.shell:Creating environment descriptor '/home/notch/turtlebot3_ws/src/m-explore-ros2/install/explore_lite_msgs/share/explore_lite_msgs/hook/ld_library_path_lib.dsv'
[0.582s] INFO:colcon.colcon_core.shell:Creating environment hook '/home/notch/turtlebot3_ws/src/m-explore-ros2/install/explore_lite_msgs/share/explore_lite_msgs/hook/ld_library_path_lib.sh'
[0.583s] Level 1:colcon.colcon_core.environment:checking '/home/notch/turtlebot3_ws/src/m-explore-ros2/install/explore_lite_msgs/bin'
[0.583s] Level 1:colcon.colcon_core.environment:checking '/home/notch/turtlebot3_ws/src/m-explore-ros2/install/explore_lite_msgs/lib/pkgconfig/explore_lite_msgs.pc'
[0.583s] Level 1:colcon.colcon_core.environment:checking '/home/notch/turtlebot3_ws/src/m-explore-ros2/install/explore_lite_msgs/lib/python3.10/site-packages'
[0.583s] Level 1:colcon.colcon_core.environment:checking '/home/notch/turtlebot3_ws/src/m-explore-ros2/install/explore_lite_msgs/bin'
[0.583s] INFO:colcon.colcon_core.shell:Creating package script '/home/notch/turtlebot3_ws/src/m-explore-ros2/install/explore_lite_msgs/share/explore_lite_msgs/package.ps1'
[0.583s] INFO:colcon.colcon_core.shell:Creating package descriptor '/home/notch/turtlebot3_ws/src/m-explore-ros2/install/explore_lite_msgs/share/explore_lite_msgs/package.dsv'
[0.584s] INFO:colcon.colcon_core.shell:Creating package script '/home/notch/turtlebot3_ws/src/m-explore-ros2/install/explore_lite_msgs/share/explore_lite_msgs/package.sh'
[0.584s] INFO:colcon.colcon_core.shell:Creating package script '/home/notch/turtlebot3_ws/src/m-explore-ros2/install/explore_lite_msgs/share/explore_lite_msgs/package.bash'
[0.584s] INFO:colcon.colcon_core.shell:Creating package script '/home/notch/turtlebot3_ws/src/m-explore-ros2/install/explore_lite_msgs/share/explore_lite_msgs/package.zsh'
[0.584s] Level 1:colcon.colcon_core.environment:create_file_with_runtime_dependencies(/home/notch/turtlebot3_ws/src/m-explore-ros2/install/explore_lite_msgs/share/colcon-core/packages/explore_lite_msgs)
[0.584s] INFO:colcon.colcon_ros.task.ament_cmake.build:Building ROS package in '/home/notch/turtlebot3_ws/src/m-explore-ros2/explore' with build type 'ament_cmake'
[0.585s] INFO:colcon.colcon_cmake.task.cmake.build:Building CMake package in '/home/notch/turtlebot3_ws/src/m-explore-ros2/explore'
[0.585s] INFO:colcon.colcon_core.shell:Skip shell extension 'powershell' for command environment: Not usable outside of PowerShell
[0.585s] DEBUG:colcon.colcon_core.shell:Skip shell extension 'dsv' for command environment
[0.599s] DEBUG:colcon.colcon_core.event_handler.log_command:Invoking command in '/home/notch/turtlebot3_ws/src/m-explore-ros2/build/explore_lite': CMAKE_PREFIX_PATH=/home/notch/turtlebot3_ws/src/m-explore-ros2/install/explore_lite_msgs:/home/notch/turtlebot3_ws/src/m-explore-ros2/install/explore_lite:/home/notch/turtlebot3_ws/install/turtlebot3:/home/notch/turtlebot3_ws/install/turtlebot3_simulations:/home/notch/turtlebot3_ws/install/turtlebot3_bringup:/home/notch/turtlebot3_ws/install/turtlebot3_node:/home/notch/turtlebot3_ws/install/turtlebot3_navigation2:/home/notch/turtlebot3_ws/install/turtlebot3_fake_node:/home/notch/turtlebot3_ws/install/turtlebot3_msgs:/home/notch/turtlebot3_ws/install/turtlebot3_manipulation_gazebo:/home/notch/turtlebot3_ws/install/turtlebot3_gazebo:/home/notch/turtlebot3_ws/install/turtlebot3_description:/home/notch/turtlebot3_ws/install/turtlebot3_cartographer:/home/notch/turtlebot3_ws/install/test_ros_gz_bridge:/home/notch/turtlebot3_ws/install/ros_ign_interfaces:/home/notch/turtlebot3_ws/install/ros_ign:/home/notch/turtlebot3_ws/install/ros_ign_image:/home/notch/turtlebot3_ws/install/ros_ign_gazebo_demos:/home/notch/turtlebot3_ws/install/ros_ign_gazebo:/home/notch/turtlebot3_ws/install/ros_ign_bridge:/home/notch/turtlebot3_ws/install/ros_gz:/home/notch/turtlebot3_ws/install/ros_gz_sim_demos:/home/notch/turtlebot3_ws/install/ros_gz_sim:/home/notch/turtlebot3_ws/install/ros_gz_image:/home/notch/turtlebot3_ws/install/ros_gz_bridge:/home/notch/turtlebot3_ws/install/ros_gz_interfaces:/home/notch/turtlebot3_ws/install/multirobot_map_merge:/home/notch/turtlebot3_ws/install/explore_lite:/home/notch/turtlebot3_ws/install/explore_lite_msgs:/home/notch/turtlebot3_ws/install/dynamixel_sdk_examples:/home/notch/turtlebot3_ws/install/dynamixel_sdk_custom_interfaces:/home/notch/turtlebot3_ws/install/dynamixel_sdk:/home/notch/turtlebot3_ws/src/install/explore_lite:/home/notch/install/turtlebot3:/home/notch/install/turtlebot3_bringup:/home/notch/install/turtlebot3_node:/home/notch/install/turtlebot3_navigation2:/home/notch/install/turtlebot3_msgs:/home/notch/install/turtlebot3_description:/home/notch/install/turtlebot3_cartographer:/home/notch/install/test_ros_gz_bridge:/home/notch/install/ros_ign_interfaces:/home/notch/install/ros_ign:/home/notch/install/ros_ign_image:/home/notch/install/ros_ign_gazebo_demos:/home/notch/install/ros_ign_gazebo:/home/notch/install/ros_ign_bridge:/home/notch/install/ros_gz:/home/notch/install/ros_gz_sim_demos:/home/notch/install/ros_gz_sim:/home/notch/install/ros_gz_image:/home/notch/install/ros_gz_bridge:/home/notch/install/ros_gz_interfaces:/home/notch/install/explore_lite:/home/notch/install/dynamixel_sdk_examples:/home/notch/install/dynamixel_sdk_custom_interfaces:/home/notch/install/dynamixel_sdk:/home/notch/turtlebot3_ws/install/turtlebot3_teleop:/home/notch/turtlebot3_ws/install/turtlebot3_example:/home/notch/turtlebot3_ws/install/py_pubsub:/home/notch/turtlebot3_ws/install/my_explorer:/home/notch/turtlebot3_ws/install/auto_nav:/home/notch/install/turtlebot3_teleop:/home/notch/install/turtlebot3_example:/home/notch/install/my_explorer:/home/notch/install/auto_nav:/opt/ros/humble LD_LIBRARY_PATH=/home/notch/turtlebot3_ws/src/m-explore-ros2/install/explore_lite_msgs/lib:/home/notch/turtlebot3_ws/install/turtlebot3_msgs/lib:/home/notch/turtlebot3_ws/install/ros_ign_interfaces/lib:/home/notch/turtlebot3_ws/install/ros_gz_sim/lib:/home/notch/turtlebot3_ws/install/ros_gz_bridge/lib:/home/notch/turtlebot3_ws/install/ros_gz_interfaces/lib:/home/notch/turtlebot3_ws/install/multirobot_map_merge/lib:/home/notch/turtlebot3_ws/install/explore_lite_msgs/lib:/home/notch/turtlebot3_ws/install/dynamixel_sdk_custom_interfaces/lib:/home/notch/turtlebot3_ws/install/dynamixel_sdk/lib:/home/notch/install/turtlebot3_msgs/lib:/home/notch/install/ros_ign_interfaces/lib:/home/notch/install/ros_gz_sim/lib:/home/notch/install/ros_gz_bridge/lib:/home/notch/install/ros_gz_interfaces/lib:/home/notch/install/dynamixel_sdk_custom_interfaces/lib:/home/notch/install/dynamixel_sdk/lib:/opt/ros/humble/opt/rviz_ogre_vendor/lib:/opt/ros/humble/lib/x86_64-linux-gnu:/opt/ros/humble/lib:/usr/lib/x86_64-linux-gnu/gazebo-11/plugins:/usr/lib/x86_64-linux-gnu/gazebo-11/plugins:/usr/lib/x86_64-linux-gnu/gazebo-11/plugins /usr/bin/cmake --build /home/notch/turtlebot3_ws/src/m-explore-ros2/build/explore_lite -- -j18 -l18
[0.681s] DEBUG:colcon.colcon_core.event_handler.log_command:Invoked command in '/home/notch/turtlebot3_ws/src/m-explore-ros2/build/explore_lite' returned '0': CMAKE_PREFIX_PATH=/home/notch/turtlebot3_ws/src/m-explore-ros2/install/explore_lite_msgs:/home/notch/turtlebot3_ws/src/m-explore-ros2/install/explore_lite:/home/notch/turtlebot3_ws/install/turtlebot3:/home/notch/turtlebot3_ws/install/turtlebot3_simulations:/home/notch/turtlebot3_ws/install/turtlebot3_bringup:/home/notch/turtlebot3_ws/install/turtlebot3_node:/home/notch/turtlebot3_ws/install/turtlebot3_navigation2:/home/notch/turtlebot3_ws/install/turtlebot3_fake_node:/home/notch/turtlebot3_ws/install/turtlebot3_msgs:/home/notch/turtlebot3_ws/install/turtlebot3_manipulation_gazebo:/home/notch/turtlebot3_ws/install/turtlebot3_gazebo:/home/notch/turtlebot3_ws/install/turtlebot3_description:/home/notch/turtlebot3_ws/install/turtlebot3_cartographer:/home/notch/turtlebot3_ws/install/test_ros_gz_bridge:/home/notch/turtlebot3_ws/install/ros_ign_interfaces:/home/notch/turtlebot3_ws/install/ros_ign:/home/notch/turtlebot3_ws/install/ros_ign_image:/home/notch/turtlebot3_ws/install/ros_ign_gazebo_demos:/home/notch/turtlebot3_ws/install/ros_ign_gazebo:/home/notch/turtlebot3_ws/install/ros_ign_bridge:/home/notch/turtlebot3_ws/install/ros_gz:/home/notch/turtlebot3_ws/install/ros_gz_sim_demos:/home/notch/turtlebot3_ws/install/ros_gz_sim:/home/notch/turtlebot3_ws/install/ros_gz_image:/home/notch/turtlebot3_ws/install/ros_gz_bridge:/home/notch/turtlebot3_ws/install/ros_gz_interfaces:/home/notch/turtlebot3_ws/install/multirobot_map_merge:/home/notch/turtlebot3_ws/install/explore_lite:/home/notch/turtlebot3_ws/install/explore_lite_msgs:/home/notch/turtlebot3_ws/install/dynamixel_sdk_examples:/home/notch/turtlebot3_ws/install/dynamixel_sdk_custom_interfaces:/home/notch/turtlebot3_ws/install/dynamixel_sdk:/home/notch/turtlebot3_ws/src/install/explore_lite:/home/notch/install/turtlebot3:/home/notch/install/turtlebot3_bringup:/home/notch/install/turtlebot3_node:/home/notch/install/turtlebot3_navigation2:/home/notch/install/turtlebot3_msgs:/home/notch/install/turtlebot3_description:/home/notch/install/turtlebot3_cartographer:/home/notch/install/test_ros_gz_bridge:/home/notch/install/ros_ign_interfaces:/home/notch/install/ros_ign:/home/notch/install/ros_ign_image:/home/notch/install/ros_ign_gazebo_demos:/home/notch/install/ros_ign_gazebo:/home/notch/install/ros_ign_bridge:/home/notch/install/ros_gz:/home/notch/install/ros_gz_sim_demos:/home/notch/install/ros_gz_sim:/home/notch/install/ros_gz_image:/home/notch/install/ros_gz_bridge:/home/notch/install/ros_gz_interfaces:/home/notch/install/explore_lite:/home/notch/install/dynamixel_sdk_examples:/home/notch/install/dynamixel_sdk_custom_interfaces:/home/notch/install/dynamixel_sdk:/home/notch/turtlebot3_ws/install/turtlebot3_teleop:/home/notch/turtlebot3_ws/install/turtlebot3_example:/home/notch/turtlebot3_ws/install/py_pubsub:/home/notch/turtlebot3_ws/install/my_explorer:/home/notch/turtlebot3_ws/install/auto_nav:/home/notch/install/turtlebot3_teleop:/home/notch/install/turtlebot3_example:/home/notch/install/my_explorer:/home/notch/install/auto_nav:/opt/ros/humble LD_LIBRARY_PATH=/home/notch/turtlebot3_ws/src/m-explore-ros2/install/explore_lite_msgs/lib:/home/notch/turtlebot3_ws/install/turtlebot3_msgs/lib:/home/notch/turtlebot3_ws/install/ros_ign_interfaces/lib:/home/notch/turtlebot3_ws/install/ros_gz_sim/lib:/home/notch/turtlebot3_ws/install/ros_gz_bridge/lib:/home/notch/turtlebot3_ws/install/ros_gz_interfaces/lib:/home/notch/turtlebot3_ws/install/multirobot_map_merge/lib:/home/notch/turtlebot3_ws/install/explore_lite_msgs/lib:/home/notch/turtlebot3_ws/install/dynamixel_sdk_custom_interfaces/lib:/home/notch/turtlebot3_ws/install/dynamixel_sdk/lib:/home/notch/install/turtlebot3_msgs/lib:/home/notch/install/ros_ign_interfaces/lib:/home/notch/install/ros_gz_sim/lib:/home/notch/install/ros_gz_bridge/lib:/home/notch/install/ros_gz_interfaces/lib:/home/notch/install/dynamixel_sdk_custom_interfaces/lib:/home/notch/install/dynamixel_sdk/lib:/opt/ros/humble/opt/rviz_ogre_vendor/lib:/opt/ros/humble/lib/x86_64-linux-gnu:/opt/ros/humble/lib:/usr/lib/x86_64-linux-gnu/gazebo-11/plugins:/usr/lib/x86_64-linux-gnu/gazebo-11/plugins:/usr/lib/x86_64-linux-gnu/gazebo-11/plugins /usr/bin/cmake --build /home/notch/turtlebot3_ws/src/m-explore-ros2/build/explore_lite -- -j18 -l18
[0.683s] DEBUG:colcon.colcon_core.event_handler.log_command:Invoking command in '/home/notch/turtlebot3_ws/src/m-explore-ros2/build/explore_lite': CMAKE_PREFIX_PATH=/home/notch/turtlebot3_ws/src/m-explore-ros2/install/explore_lite_msgs:/home/notch/turtlebot3_ws/src/m-explore-ros2/install/explore_lite:/home/notch/turtlebot3_ws/install/turtlebot3:/home/notch/turtlebot3_ws/install/turtlebot3_simulations:/home/notch/turtlebot3_ws/install/turtlebot3_bringup:/home/notch/turtlebot3_ws/install/turtlebot3_node:/home/notch/turtlebot3_ws/install/turtlebot3_navigation2:/home/notch/turtlebot3_ws/install/turtlebot3_fake_node:/home/notch/turtlebot3_ws/install/turtlebot3_msgs:/home/notch/turtlebot3_ws/install/turtlebot3_manipulation_gazebo:/home/notch/turtlebot3_ws/install/turtlebot3_gazebo:/home/notch/turtlebot3_ws/install/turtlebot3_description:/home/notch/turtlebot3_ws/install/turtlebot3_cartographer:/home/notch/turtlebot3_ws/install/test_ros_gz_bridge:/home/notch/turtlebot3_ws/install/ros_ign_interfaces:/home/notch/turtlebot3_ws/install/ros_ign:/home/notch/turtlebot3_ws/install/ros_ign_image:/home/notch/turtlebot3_ws/install/ros_ign_gazebo_demos:/home/notch/turtlebot3_ws/install/ros_ign_gazebo:/home/notch/turtlebot3_ws/install/ros_ign_bridge:/home/notch/turtlebot3_ws/install/ros_gz:/home/notch/turtlebot3_ws/install/ros_gz_sim_demos:/home/notch/turtlebot3_ws/install/ros_gz_sim:/home/notch/turtlebot3_ws/install/ros_gz_image:/home/notch/turtlebot3_ws/install/ros_gz_bridge:/home/notch/turtlebot3_ws/install/ros_gz_interfaces:/home/notch/turtlebot3_ws/install/multirobot_map_merge:/home/notch/turtlebot3_ws/install/explore_lite:/home/notch/turtlebot3_ws/install/explore_lite_msgs:/home/notch/turtlebot3_ws/install/dynamixel_sdk_examples:/home/notch/turtlebot3_ws/install/dynamixel_sdk_custom_interfaces:/home/notch/turtlebot3_ws/install/dynamixel_sdk:/home/notch/turtlebot3_ws/src/install/explore_lite:/home/notch/install/turtlebot3:/home/notch/install/turtlebot3_bringup:/home/notch/install/turtlebot3_node:/home/notch/install/turtlebot3_navigation2:/home/notch/install/turtlebot3_msgs:/home/notch/install/turtlebot3_description:/home/notch/install/turtlebot3_cartographer:/home/notch/install/test_ros_gz_bridge:/home/notch/install/ros_ign_interfaces:/home/notch/install/ros_ign:/home/notch/install/ros_ign_image:/home/notch/install/ros_ign_gazebo_demos:/home/notch/install/ros_ign_gazebo:/home/notch/install/ros_ign_bridge:/home/notch/install/ros_gz:/home/notch/install/ros_gz_sim_demos:/home/notch/install/ros_gz_sim:/home/notch/install/ros_gz_image:/home/notch/install/ros_gz_bridge:/home/notch/install/ros_gz_interfaces:/home/notch/install/explore_lite:/home/notch/install/dynamixel_sdk_examples:/home/notch/install/dynamixel_sdk_custom_interfaces:/home/notch/install/dynamixel_sdk:/home/notch/turtlebot3_ws/install/turtlebot3_teleop:/home/notch/turtlebot3_ws/install/turtlebot3_example:/home/notch/turtlebot3_ws/install/py_pubsub:/home/notch/turtlebot3_ws/install/my_explorer:/home/notch/turtlebot3_ws/install/auto_nav:/home/notch/install/turtlebot3_teleop:/home/notch/install/turtlebot3_example:/home/notch/install/my_explorer:/home/notch/install/auto_nav:/opt/ros/humble LD_LIBRARY_PATH=/home/notch/turtlebot3_ws/src/m-explore-ros2/install/explore_lite_msgs/lib:/home/notch/turtlebot3_ws/install/turtlebot3_msgs/lib:/home/notch/turtlebot3_ws/install/ros_ign_interfaces/lib:/home/notch/turtlebot3_ws/install/ros_gz_sim/lib:/home/notch/turtlebot3_ws/install/ros_gz_bridge/lib:/home/notch/turtlebot3_ws/install/ros_gz_interfaces/lib:/home/notch/turtlebot3_ws/install/multirobot_map_merge/lib:/home/notch/turtlebot3_ws/install/explore_lite_msgs/lib:/home/notch/turtlebot3_ws/install/dynamixel_sdk_custom_interfaces/lib:/home/notch/turtlebot3_ws/install/dynamixel_sdk/lib:/home/notch/install/turtlebot3_msgs/lib:/home/notch/install/ros_ign_interfaces/lib:/home/notch/install/ros_gz_sim/lib:/home/notch/install/ros_gz_bridge/lib:/home/notch/install/ros_gz_interfaces/lib:/home/notch/install/dynamixel_sdk_custom_interfaces/lib:/home/notch/install/dynamixel_sdk/lib:/opt/ros/humble/opt/rviz_ogre_vendor/lib:/opt/ros/humble/lib/x86_64-linux-gnu:/opt/ros/humble/lib:/usr/lib/x86_64-linux-gnu/gazebo-11/plugins:/usr/lib/x86_64-linux-gnu/gazebo-11/plugins:/usr/lib/x86_64-linux-gnu/gazebo-11/plugins /usr/bin/cmake --install /home/notch/turtlebot3_ws/src/m-explore-ros2/build/explore_lite
[0.697s] Level 1:colcon.colcon_core.environment:create_environment_scripts_only(explore_lite)
[0.698s] Level 1:colcon.colcon_core.environment:checking '/home/notch/turtlebot3_ws/src/m-explore-ros2/install/explore_lite' for CMake module files
[0.698s] DEBUG:colcon.colcon_core.event_handler.log_command:Invoked command in '/home/notch/turtlebot3_ws/src/m-explore-ros2/build/explore_lite' returned '0': CMAKE_PREFIX_PATH=/home/notch/turtlebot3_ws/src/m-explore-ros2/install/explore_lite_msgs:/home/notch/turtlebot3_ws/src/m-explore-ros2/install/explore_lite:/home/notch/turtlebot3_ws/install/turtlebot3:/home/notch/turtlebot3_ws/install/turtlebot3_simulations:/home/notch/turtlebot3_ws/install/turtlebot3_bringup:/home/notch/turtlebot3_ws/install/turtlebot3_node:/home/notch/turtlebot3_ws/install/turtlebot3_navigation2:/home/notch/turtlebot3_ws/install/turtlebot3_fake_node:/home/notch/turtlebot3_ws/install/turtlebot3_msgs:/home/notch/turtlebot3_ws/install/turtlebot3_manipulation_gazebo:/home/notch/turtlebot3_ws/install/turtlebot3_gazebo:/home/notch/turtlebot3_ws/install/turtlebot3_description:/home/notch/turtlebot3_ws/install/turtlebot3_cartographer:/home/notch/turtlebot3_ws/install/test_ros_gz_bridge:/home/notch/turtlebot3_ws/install/ros_ign_interfaces:/home/notch/turtlebot3_ws/install/ros_ign:/home/notch/turtlebot3_ws/install/ros_ign_image:/home/notch/turtlebot3_ws/install/ros_ign_gazebo_demos:/home/notch/turtlebot3_ws/install/ros_ign_gazebo:/home/notch/turtlebot3_ws/install/ros_ign_bridge:/home/notch/turtlebot3_ws/install/ros_gz:/home/notch/turtlebot3_ws/install/ros_gz_sim_demos:/home/notch/turtlebot3_ws/install/ros_gz_sim:/home/notch/turtlebot3_ws/install/ros_gz_image:/home/notch/turtlebot3_ws/install/ros_gz_bridge:/home/notch/turtlebot3_ws/install/ros_gz_interfaces:/home/notch/turtlebot3_ws/install/multirobot_map_merge:/home/notch/turtlebot3_ws/install/explore_lite:/home/notch/turtlebot3_ws/install/explore_lite_msgs:/home/notch/turtlebot3_ws/install/dynamixel_sdk_examples:/home/notch/turtlebot3_ws/install/dynamixel_sdk_custom_interfaces:/home/notch/turtlebot3_ws/install/dynamixel_sdk:/home/notch/turtlebot3_ws/src/install/explore_lite:/home/notch/install/turtlebot3:/home/notch/install/turtlebot3_bringup:/home/notch/install/turtlebot3_node:/home/notch/install/turtlebot3_navigation2:/home/notch/install/turtlebot3_msgs:/home/notch/install/turtlebot3_description:/home/notch/install/turtlebot3_cartographer:/home/notch/install/test_ros_gz_bridge:/home/notch/install/ros_ign_interfaces:/home/notch/install/ros_ign:/home/notch/install/ros_ign_image:/home/notch/install/ros_ign_gazebo_demos:/home/notch/install/ros_ign_gazebo:/home/notch/install/ros_ign_bridge:/home/notch/install/ros_gz:/home/notch/install/ros_gz_sim_demos:/home/notch/install/ros_gz_sim:/home/notch/install/ros_gz_image:/home/notch/install/ros_gz_bridge:/home/notch/install/ros_gz_interfaces:/home/notch/install/explore_lite:/home/notch/install/dynamixel_sdk_examples:/home/notch/install/dynamixel_sdk_custom_interfaces:/home/notch/install/dynamixel_sdk:/home/notch/turtlebot3_ws/install/turtlebot3_teleop:/home/notch/turtlebot3_ws/install/turtlebot3_example:/home/notch/turtlebot3_ws/install/py_pubsub:/home/notch/turtlebot3_ws/install/my_explorer:/home/notch/turtlebot3_ws/install/auto_nav:/home/notch/install/turtlebot3_teleop:/home/notch/install/turtlebot3_example:/home/notch/install/my_explorer:/home/notch/install/auto_nav:/opt/ros/humble LD_LIBRARY_PATH=/home/notch/turtlebot3_ws/src/m-explore-ros2/install/explore_lite_msgs/lib:/home/notch/turtlebot3_ws/install/turtlebot3_msgs/lib:/home/notch/turtlebot3_ws/install/ros_ign_interfaces/lib:/home/notch/turtlebot3_ws/install/ros_gz_sim/lib:/home/notch/turtlebot3_ws/install/ros_gz_bridge/lib:/home/notch/turtlebot3_ws/install/ros_gz_interfaces/lib:/home/notch/turtlebot3_ws/install/multirobot_map_merge/lib:/home/notch/turtlebot3_ws/install/explore_lite_msgs/lib:/home/notch/turtlebot3_ws/install/dynamixel_sdk_custom_interfaces/lib:/home/notch/turtlebot3_ws/install/dynamixel_sdk/lib:/home/notch/install/turtlebot3_msgs/lib:/home/notch/install/ros_ign_interfaces/lib:/home/notch/install/ros_gz_sim/lib:/home/notch/install/ros_gz_bridge/lib:/home/notch/install/ros_gz_interfaces/lib:/home/notch/install/dynamixel_sdk_custom_interfaces/lib:/home/notch/install/dynamixel_sdk/lib:/opt/ros/humble/opt/rviz_ogre_vendor/lib:/opt/ros/humble/lib/x86_64-linux-gnu:/opt/ros/humble/lib:/usr/lib/x86_64-linux-gnu/gazebo-11/plugins:/usr/lib/x86_64-linux-gnu/gazebo-11/plugins:/usr/lib/x86_64-linux-gnu/gazebo-11/plugins /usr/bin/cmake --install /home/notch/turtlebot3_ws/src/m-explore-ros2/build/explore_lite
[0.699s] Level 1:colcon.colcon_core.environment:checking '/home/notch/turtlebot3_ws/src/m-explore-ros2/install/explore_lite' for CMake config files
[0.699s] Level 1:colcon.colcon_core.shell:create_environment_hook('explore_lite', 'cmake_prefix_path')
[0.699s] INFO:colcon.colcon_core.shell:Creating environment hook '/home/notch/turtlebot3_ws/src/m-explore-ros2/install/explore_lite/share/explore_lite/hook/cmake_prefix_path.ps1'
[0.700s] INFO:colcon.colcon_core.shell:Creating environment descriptor '/home/notch/turtlebot3_ws/src/m-explore-ros2/install/explore_lite/share/explore_lite/hook/cmake_prefix_path.dsv'
[0.700s] INFO:colcon.colcon_core.shell:Creating environment hook '/home/notch/turtlebot3_ws/src/m-explore-ros2/install/explore_lite/share/explore_lite/hook/cmake_prefix_path.sh'
[0.700s] Level 1:colcon.colcon_core.environment:checking '/home/notch/turtlebot3_ws/src/m-explore-ros2/install/explore_lite/lib'
[0.701s] Level 1:colcon.colcon_core.environment:checking '/home/notch/turtlebot3_ws/src/m-explore-ros2/install/explore_lite/bin'
[0.701s] Level 1:colcon.colcon_core.environment:checking '/home/notch/turtlebot3_ws/src/m-explore-ros2/install/explore_lite/lib/pkgconfig/explore_lite.pc'
[0.701s] Level 1:colcon.colcon_core.environment:checking '/home/notch/turtlebot3_ws/src/m-explore-ros2/install/explore_lite/lib/python3.10/site-packages'
[0.701s] Level 1:colcon.colcon_core.environment:checking '/home/notch/turtlebot3_ws/src/m-explore-ros2/install/explore_lite/bin'
[0.701s] INFO:colcon.colcon_core.shell:Creating package script '/home/notch/turtlebot3_ws/src/m-explore-ros2/install/explore_lite/share/explore_lite/package.ps1'
[0.701s] INFO:colcon.colcon_core.shell:Creating package descriptor '/home/notch/turtlebot3_ws/src/m-explore-ros2/install/explore_lite/share/explore_lite/package.dsv'
[0.702s] INFO:colcon.colcon_core.shell:Creating package script '/home/notch/turtlebot3_ws/src/m-explore-ros2/install/explore_lite/share/explore_lite/package.sh'
[0.702s] INFO:colcon.colcon_core.shell:Creating package script '/home/notch/turtlebot3_ws/src/m-explore-ros2/install/explore_lite/share/explore_lite/package.bash'
[0.702s] INFO:colcon.colcon_core.shell:Creating package script '/home/notch/turtlebot3_ws/src/m-explore-ros2/install/explore_lite/share/explore_lite/package.zsh'
[0.702s] Level 1:colcon.colcon_core.environment:create_file_with_runtime_dependencies(/home/notch/turtlebot3_ws/src/m-explore-ros2/install/explore_lite/share/colcon-core/packages/explore_lite)
[0.703s] Level 1:colcon.colcon_core.environment:create_environment_scripts_only(explore_lite)
[0.703s] Level 1:colcon.colcon_core.environment:checking '/home/notch/turtlebot3_ws/src/m-explore-ros2/install/explore_lite' for CMake module files
[0.703s] Level 1:colcon.colcon_core.environment:checking '/home/notch/turtlebot3_ws/src/m-explore-ros2/install/explore_lite' for CMake config files
[0.703s] Level 1:colcon.colcon_core.shell:create_environment_hook('explore_lite', 'cmake_prefix_path')
[0.703s] INFO:colcon.colcon_core.shell:Creating environment hook '/home/notch/turtlebot3_ws/src/m-explore-ros2/install/explore_lite/share/explore_lite/hook/cmake_prefix_path.ps1'
[0.703s] INFO:colcon.colcon_core.shell:Creating environment descriptor '/home/notch/turtlebot3_ws/src/m-explore-ros2/install/explore_lite/share/explore_lite/hook/cmake_prefix_path.dsv'
[0.704s] INFO:colcon.colcon_core.shell:Creating environment hook '/home/notch/turtlebot3_ws/src/m-explore-ros2/install/explore_lite/share/explore_lite/hook/cmake_prefix_path.sh'
[0.704s] Level 1:colcon.colcon_core.environment:checking '/home/notch/turtlebot3_ws/src/m-explore-ros2/install/explore_lite/lib'
[0.704s] Level 1:colcon.colcon_core.environment:checking '/home/notch/turtlebot3_ws/src/m-explore-ros2/install/explore_lite/bin'
[0.704s] Level 1:colcon.colcon_core.environment:checking '/home/notch/turtlebot3_ws/src/m-explore-ros2/install/explore_lite/lib/pkgconfig/explore_lite.pc'
[0.704s] Level 1:colcon.colcon_core.environment:checking '/home/notch/turtlebot3_ws/src/m-explore-ros2/install/explore_lite/lib/python3.10/site-packages'
[0.704s] Level 1:colcon.colcon_core.environment:checking '/home/notch/turtlebot3_ws/src/m-explore-ros2/install/explore_lite/bin'
[0.705s] INFO:colcon.colcon_core.shell:Creating package script '/home/notch/turtlebot3_ws/src/m-explore-ros2/install/explore_lite/share/explore_lite/package.ps1'
[0.705s] INFO:colcon.colcon_core.shell:Creating package descriptor '/home/notch/turtlebot3_ws/src/m-explore-ros2/install/explore_lite/share/explore_lite/package.dsv'
[0.705s] INFO:colcon.colcon_core.shell:Creating package script '/home/notch/turtlebot3_ws/src/m-explore-ros2/install/explore_lite/share/explore_lite/package.sh'
[0.705s] INFO:colcon.colcon_core.shell:Creating package script '/home/notch/turtlebot3_ws/src/m-explore-ros2/install/explore_lite/share/explore_lite/package.bash'
[0.705s] INFO:colcon.colcon_core.shell:Creating package script '/home/notch/turtlebot3_ws/src/m-explore-ros2/install/explore_lite/share/explore_lite/package.zsh'
[0.706s] Level 1:colcon.colcon_core.environment:create_file_with_runtime_dependencies(/home/notch/turtlebot3_ws/src/m-explore-ros2/install/explore_lite/share/colcon-core/packages/explore_lite)
[0.706s] DEBUG:colcon.colcon_parallel_executor.executor.parallel:closing loop
[0.706s] DEBUG:colcon.colcon_parallel_executor.executor.parallel:loop closed
[0.706s] DEBUG:colcon.colcon_parallel_executor.executor.parallel:run_until_complete finished with '0'
[0.706s] DEBUG:colcon.colcon_core.event_reactor:joining thread
[0.710s] INFO:colcon.colcon_core.plugin_system:Skipping extension 'colcon_notification.desktop_notification.terminal_notifier': Not used on non-Darwin systems
[0.710s] INFO:colcon.colcon_core.plugin_system:Skipping extension 'colcon_notification.desktop_notification.win32': Not used on non-Windows systems
[0.710s] INFO:colcon.colcon_notification.desktop_notification:Sending desktop notification using 'notify2'
[0.719s] DEBUG:colcon.colcon_core.event_reactor:joined thread
[0.719s] INFO:colcon.colcon_core.shell:Creating prefix script '/home/notch/turtlebot3_ws/src/m-explore-ros2/install/local_setup.ps1'
[0.720s] INFO:colcon.colcon_core.shell:Creating prefix util module '/home/notch/turtlebot3_ws/src/m-explore-ros2/install/_local_setup_util_ps1.py'
[0.721s] INFO:colcon.colcon_core.shell:Creating prefix chain script '/home/notch/turtlebot3_ws/src/m-explore-ros2/install/setup.ps1'
[0.722s] INFO:colcon.colcon_core.shell:Creating prefix script '/home/notch/turtlebot3_ws/src/m-explore-ros2/install/local_setup.sh'
[0.723s] INFO:colcon.colcon_core.shell:Creating prefix util module '/home/notch/turtlebot3_ws/src/m-explore-ros2/install/_local_setup_util_sh.py'
[0.723s] INFO:colcon.colcon_core.shell:Creating prefix chain script '/home/notch/turtlebot3_ws/src/m-explore-ros2/install/setup.sh'
[0.725s] INFO:colcon.colcon_core.shell:Creating prefix script '/home/notch/turtlebot3_ws/src/m-explore-ros2/install/local_setup.bash'
[0.725s] INFO:colcon.colcon_core.shell:Creating prefix chain script '/home/notch/turtlebot3_ws/src/m-explore-ros2/install/setup.bash'
[0.726s] INFO:colcon.colcon_core.shell:Creating prefix script '/home/notch/turtlebot3_ws/src/m-explore-ros2/install/local_setup.zsh'
[0.726s] INFO:colcon.colcon_core.shell:Creating prefix chain script '/home/notch/turtlebot3_ws/src/m-explore-ros2/install/setup.zsh'
