[0.010s] Invoking command in '/home/notch/turtlebot3_ws/src/m-explore-ros2/build/explore_lite_msgs': CMAKE_PREFIX_PATH=${CMAKE_PREFIX_PATH}:/home/notch/turtlebot3_ws/install/turtlebot3_teleop:/home/notch/turtlebot3_ws/install/turtlebot3_example:/home/notch/turtlebot3_ws/install/py_pubsub:/home/notch/turtlebot3_ws/install/my_explorer:/home/notch/turtlebot3_ws/install/auto_nav:/home/notch/install/turtlebot3_teleop:/home/notch/install/turtlebot3_example:/home/notch/install/my_explorer:/home/notch/install/auto_nav:/opt/ros/humble /usr/bin/cmake /home/notch/turtlebot3_ws/src/m-explore-ros2/explore_lite_msgs -DAMENT_CMAKE_SYMLINK_INSTALL=1 -DCMAKE_INSTALL_PREFIX=/home/notch/turtlebot3_ws/src/m-explore-ros2/install/explore_lite_msgs
[0.087s] -- The C compiler identification is GNU 11.4.0
[0.129s] -- The CXX compiler identification is GNU 11.4.0
[0.136s] -- Detecting C compiler ABI info
[0.191s] -- Detecting C compiler ABI info - done
[0.196s] -- Check for working C compiler: /usr/bin/cc - skipped
[0.197s] -- Detecting C compile features
[0.197s] -- Detecting C compile features - done
[0.200s] -- Detecting CXX compiler ABI info
[0.255s] -- Detecting CXX compiler ABI info - done
[0.259s] -- Check for working CXX compiler: /usr/bin/c++ - skipped
[0.260s] -- Detecting CXX compile features
[0.260s] -- Detecting CXX compile features - done
[0.264s] -- Found ament_cmake: 1.3.12 (/opt/ros/humble/share/ament_cmake/cmake)
[0.391s] -- Found Python3: /usr/bin/python3 (found version "3.10.12") found components: Interpreter 
[0.440s] -- Override CMake install command with custom implementation using symlinks instead of copying resources
[0.490s] -- Found rosidl_default_generators: 1.2.0 (/opt/ros/humble/share/rosidl_default_generators/cmake)
[0.499s] -- Using all available rosidl_typesupport_c: rosidl_typesupport_fastrtps_c;rosidl_typesupport_introspection_c
[0.511s] -- Found rosidl_adapter: 3.1.8 (/opt/ros/humble/share/rosidl_adapter/cmake)
[0.557s] -- Using all available rosidl_typesupport_cpp: rosidl_typesupport_fastrtps_cpp;rosidl_typesupport_introspection_cpp
[0.786s] -- Found ament_cmake_ros: 0.10.0 (/opt/ros/humble/share/ament_cmake_ros/cmake)
[0.936s] -- Using all available rosidl_typesupport_c: rosidl_typesupport_fastrtps_c;rosidl_typesupport_introspection_c
[1.121s] -- Using all available rosidl_typesupport_cpp: rosidl_typesupport_fastrtps_cpp;rosidl_typesupport_introspection_cpp
[1.140s] -- Found PythonInterp: /usr/bin/python3 (found suitable version "3.10.12", minimum required is "3.6") 
[1.143s] -- Found python_cmake_module: 0.10.0 (/opt/ros/humble/share/python_cmake_module/cmake)
[1.172s] -- Found PythonLibs: /usr/lib/x86_64-linux-gnu/libpython3.10.so (found suitable version "3.10.12", minimum required is "3.5") 
[1.172s] -- Using PYTHON_EXECUTABLE: /usr/bin/python3
[1.173s] -- Using PYTHON_INCLUDE_DIRS: /usr/include/python3.10
[1.173s] -- Using PYTHON_LIBRARIES: /usr/lib/x86_64-linux-gnu/libpython3.10.so
[1.190s] -- Found PythonExtra: .so  
[1.242s] -- Configuring done
[1.255s] -- Generating done
[1.261s] -- Build files have been written to: /home/notch/turtlebot3_ws/src/m-explore-ros2/build/explore_lite_msgs
[1.268s] Invoked command in '/home/notch/turtlebot3_ws/src/m-explore-ros2/build/explore_lite_msgs' returned '0': CMAKE_PREFIX_PATH=${CMAKE_PREFIX_PATH}:/home/notch/turtlebot3_ws/install/turtlebot3_teleop:/home/notch/turtlebot3_ws/install/turtlebot3_example:/home/notch/turtlebot3_ws/install/py_pubsub:/home/notch/turtlebot3_ws/install/my_explorer:/home/notch/turtlebot3_ws/install/auto_nav:/home/notch/install/turtlebot3_teleop:/home/notch/install/turtlebot3_example:/home/notch/install/my_explorer:/home/notch/install/auto_nav:/opt/ros/humble /usr/bin/cmake /home/notch/turtlebot3_ws/src/m-explore-ros2/explore_lite_msgs -DAMENT_CMAKE_SYMLINK_INSTALL=1 -DCMAKE_INSTALL_PREFIX=/home/notch/turtlebot3_ws/src/m-explore-ros2/install/explore_lite_msgs
[1.269s] Invoking command in '/home/notch/turtlebot3_ws/src/m-explore-ros2/build/explore_lite_msgs': CMAKE_PREFIX_PATH=${CMAKE_PREFIX_PATH}:/home/notch/turtlebot3_ws/install/turtlebot3_teleop:/home/notch/turtlebot3_ws/install/turtlebot3_example:/home/notch/turtlebot3_ws/install/py_pubsub:/home/notch/turtlebot3_ws/install/my_explorer:/home/notch/turtlebot3_ws/install/auto_nav:/home/notch/install/turtlebot3_teleop:/home/notch/install/turtlebot3_example:/home/notch/install/my_explorer:/home/notch/install/auto_nav:/opt/ros/humble /usr/bin/cmake --build /home/notch/turtlebot3_ws/src/m-explore-ros2/build/explore_lite_msgs -- -j18 -l18
[1.301s] [  3%] [34m[1mGenerating C code for ROS interfaces[0m
[1.311s] [  6%] [34m[1mGenerating C++ code for ROS interfaces[0m
[1.318s] [  6%] Built target ament_cmake_python_symlink_explore_lite_msgs
[1.478s] running egg_info
[1.478s] creating explore_lite_msgs.egg-info
[1.479s] writing explore_lite_msgs.egg-info/PKG-INFO
[1.479s] writing dependency_links to explore_lite_msgs.egg-info/dependency_links.txt
[1.479s] writing top-level names to explore_lite_msgs.egg-info/top_level.txt
[1.479s] writing manifest file 'explore_lite_msgs.egg-info/SOURCES.txt'
[1.480s] reading manifest file 'explore_lite_msgs.egg-info/SOURCES.txt'
[1.480s] writing manifest file 'explore_lite_msgs.egg-info/SOURCES.txt'
[1.499s] [  6%] Built target ament_cmake_python_build_explore_lite_msgs_egg
[1.510s] [  6%] Built target explore_lite_msgs__cpp
[1.517s] [  9%] [34m[1mGenerating C++ type support dispatch for ROS interfaces[0m
[1.519s] [ 12%] [34m[1mGenerating C++ introspection for ROS interfaces[0m
[1.521s] [ 16%] [34m[1mGenerating C++ type support for eProsima Fast-RTPS[0m
[1.529s] [ 19%] [32mBuilding C object CMakeFiles/explore_lite_msgs__rosidl_generator_c.dir/rosidl_generator_c/explore_lite_msgs/msg/detail/explore_status__functions.c.o[0m
[1.568s] [ 22%] [32m[1mLinking C shared library libexplore_lite_msgs__rosidl_generator_c.so[0m
[1.600s] [ 22%] Built target explore_lite_msgs__rosidl_generator_c
[1.612s] [ 32%] [34m[1mGenerating C type support for eProsima Fast-RTPS[0m
[1.612s] [ 32%] [34m[1mGenerating C type support dispatch for ROS interfaces[0m
[1.612s] [ 32%] [34m[1mGenerating C introspection for ROS interfaces[0m
[1.704s] [ 35%] [32mBuilding CXX object CMakeFiles/explore_lite_msgs__rosidl_typesupport_cpp.dir/rosidl_typesupport_cpp/explore_lite_msgs/msg/explore_status__type_support.cpp.o[0m
[1.706s] [ 38%] [32mBuilding CXX object CMakeFiles/explore_lite_msgs__rosidl_typesupport_introspection_cpp.dir/rosidl_typesupport_introspection_cpp/explore_lite_msgs/msg/detail/explore_status__type_support.cpp.o[0m
[1.722s] [ 41%] [32mBuilding CXX object CMakeFiles/explore_lite_msgs__rosidl_typesupport_fastrtps_cpp.dir/rosidl_typesupport_fastrtps_cpp/explore_lite_msgs/msg/detail/dds_fastrtps/explore_status__type_support.cpp.o[0m
[1.814s] [ 45%] [32mBuilding CXX object CMakeFiles/explore_lite_msgs__rosidl_typesupport_c.dir/rosidl_typesupport_c/explore_lite_msgs/msg/explore_status__type_support.cpp.o[0m
[1.843s] [ 48%] [32m[1mLinking CXX shared library libexplore_lite_msgs__rosidl_typesupport_c.so[0m
[1.854s] [ 51%] [32m[1mLinking CXX shared library libexplore_lite_msgs__rosidl_typesupport_cpp.so[0m
[1.861s] [ 54%] [32mBuilding C object CMakeFiles/explore_lite_msgs__rosidl_typesupport_introspection_c.dir/rosidl_typesupport_introspection_c/explore_lite_msgs/msg/detail/explore_status__type_support.c.o[0m
[1.887s] [ 54%] Built target explore_lite_msgs__rosidl_typesupport_c
[1.888s] [ 54%] Built target explore_lite_msgs__rosidl_typesupport_cpp
[1.891s] [ 58%] [32m[1mLinking C shared library libexplore_lite_msgs__rosidl_typesupport_introspection_c.so[0m
[1.919s] [ 61%] [32mBuilding CXX object CMakeFiles/explore_lite_msgs__rosidl_typesupport_fastrtps_c.dir/rosidl_typesupport_fastrtps_c/explore_lite_msgs/msg/detail/explore_status__type_support_c.cpp.o[0m
[1.922s] [ 61%] Built target explore_lite_msgs__rosidl_typesupport_introspection_c
[1.956s] [ 64%] [32m[1mLinking CXX shared library libexplore_lite_msgs__rosidl_typesupport_fastrtps_cpp.so[0m
[1.964s] [ 67%] [32m[1mLinking CXX shared library libexplore_lite_msgs__rosidl_typesupport_introspection_cpp.so[0m
[2.008s] [ 67%] Built target explore_lite_msgs__rosidl_typesupport_fastrtps_cpp
[2.012s] [ 67%] Built target explore_lite_msgs__rosidl_typesupport_introspection_cpp
[2.101s] [ 70%] [32m[1mLinking CXX shared library libexplore_lite_msgs__rosidl_typesupport_fastrtps_c.so[0m
[2.155s] [ 70%] Built target explore_lite_msgs__rosidl_typesupport_fastrtps_c
[2.175s] [ 70%] Built target explore_lite_msgs
[2.191s] [ 74%] [34m[1mGenerating Python code for ROS interfaces[0m
[2.431s] [ 74%] Built target explore_lite_msgs__py
[2.448s] [ 77%] [32mBuilding C object CMakeFiles/explore_lite_msgs__rosidl_generator_py.dir/rosidl_generator_py/explore_lite_msgs/msg/_explore_status_s.c.o[0m
[2.540s] [ 80%] [32m[1mLinking C shared library rosidl_generator_py/explore_lite_msgs/libexplore_lite_msgs__rosidl_generator_py.so[0m
[2.569s] [ 80%] Built target explore_lite_msgs__rosidl_generator_py
[2.590s] [ 83%] [32mBuilding C object CMakeFiles/explore_lite_msgs__rosidl_typesupport_fastrtps_c__pyext.dir/rosidl_generator_py/explore_lite_msgs/_explore_lite_msgs_s.ep.rosidl_typesupport_fastrtps_c.c.o[0m
[2.591s] [ 90%] [32mBuilding C object CMakeFiles/explore_lite_msgs__rosidl_typesupport_introspection_c__pyext.dir/rosidl_generator_py/explore_lite_msgs/_explore_lite_msgs_s.ep.rosidl_typesupport_introspection_c.c.o[0m
[2.591s] [ 90%] [32mBuilding C object CMakeFiles/explore_lite_msgs__rosidl_typesupport_c__pyext.dir/rosidl_generator_py/explore_lite_msgs/_explore_lite_msgs_s.ep.rosidl_typesupport_c.c.o[0m
[2.645s] [ 93%] [32m[1mLinking C shared library rosidl_generator_py/explore_lite_msgs/explore_lite_msgs_s__rosidl_typesupport_fastrtps_c.cpython-310-x86_64-linux-gnu.so[0m
[2.647s] [100%] [32m[1mLinking C shared library rosidl_generator_py/explore_lite_msgs/explore_lite_msgs_s__rosidl_typesupport_introspection_c.cpython-310-x86_64-linux-gnu.so[0m
[2.647s] [100%] [32m[1mLinking C shared library rosidl_generator_py/explore_lite_msgs/explore_lite_msgs_s__rosidl_typesupport_c.cpython-310-x86_64-linux-gnu.so[0m
[2.679s] [100%] Built target explore_lite_msgs__rosidl_typesupport_fastrtps_c__pyext
[2.680s] [100%] Built target explore_lite_msgs__rosidl_typesupport_introspection_c__pyext
[2.682s] [100%] Built target explore_lite_msgs__rosidl_typesupport_c__pyext
[2.689s] Invoked command in '/home/notch/turtlebot3_ws/src/m-explore-ros2/build/explore_lite_msgs' returned '0': CMAKE_PREFIX_PATH=${CMAKE_PREFIX_PATH}:/home/notch/turtlebot3_ws/install/turtlebot3_teleop:/home/notch/turtlebot3_ws/install/turtlebot3_example:/home/notch/turtlebot3_ws/install/py_pubsub:/home/notch/turtlebot3_ws/install/my_explorer:/home/notch/turtlebot3_ws/install/auto_nav:/home/notch/install/turtlebot3_teleop:/home/notch/install/turtlebot3_example:/home/notch/install/my_explorer:/home/notch/install/auto_nav:/opt/ros/humble /usr/bin/cmake --build /home/notch/turtlebot3_ws/src/m-explore-ros2/build/explore_lite_msgs -- -j18 -l18
[2.698s] Invoking command in '/home/notch/turtlebot3_ws/src/m-explore-ros2/build/explore_lite_msgs': CMAKE_PREFIX_PATH=${CMAKE_PREFIX_PATH}:/home/notch/turtlebot3_ws/install/turtlebot3_teleop:/home/notch/turtlebot3_ws/install/turtlebot3_example:/home/notch/turtlebot3_ws/install/py_pubsub:/home/notch/turtlebot3_ws/install/my_explorer:/home/notch/turtlebot3_ws/install/auto_nav:/home/notch/install/turtlebot3_teleop:/home/notch/install/turtlebot3_example:/home/notch/install/my_explorer:/home/notch/install/auto_nav:/opt/ros/humble /usr/bin/cmake --install /home/notch/turtlebot3_ws/src/m-explore-ros2/build/explore_lite_msgs
[2.703s] -- Install configuration: ""
[2.704s] -- Execute custom install script
[2.704s] -- Symlinking: /home/notch/turtlebot3_ws/src/m-explore-ros2/install/explore_lite_msgs/share/ament_index/resource_index/rosidl_interfaces/explore_lite_msgs
[2.713s] -- Symlinking: /home/notch/turtlebot3_ws/src/m-explore-ros2/install/explore_lite_msgs/include/explore_lite_msgs/explore_lite_msgs/msg/detail/explore_status__functions.h
[2.719s] -- Symlinking: /home/notch/turtlebot3_ws/src/m-explore-ros2/install/explore_lite_msgs/include/explore_lite_msgs/explore_lite_msgs/msg/detail/explore_status__struct.h
[2.728s] -- Symlinking: /home/notch/turtlebot3_ws/src/m-explore-ros2/install/explore_lite_msgs/include/explore_lite_msgs/explore_lite_msgs/msg/detail/explore_status__type_support.h
[2.735s] -- Symlinking: /home/notch/turtlebot3_ws/src/m-explore-ros2/install/explore_lite_msgs/include/explore_lite_msgs/explore_lite_msgs/msg/explore_status.h
[2.743s] -- Symlinking: /home/notch/turtlebot3_ws/src/m-explore-ros2/install/explore_lite_msgs/include/explore_lite_msgs/explore_lite_msgs/msg/rosidl_generator_c__visibility_control.h
[2.748s] -- Symlinking: /home/notch/turtlebot3_ws/src/m-explore-ros2/install/explore_lite_msgs/share/explore_lite_msgs/environment/library_path.sh
[2.755s] -- Symlinking: /home/notch/turtlebot3_ws/src/m-explore-ros2/install/explore_lite_msgs/share/explore_lite_msgs/environment/library_path.dsv
[2.763s] -- Symlinking: /home/notch/turtlebot3_ws/src/m-explore-ros2/install/explore_lite_msgs/include/explore_lite_msgs/explore_lite_msgs/msg/detail/explore_status__rosidl_typesupport_fastrtps_c.h
[2.768s] -- Symlinking: /home/notch/turtlebot3_ws/src/m-explore-ros2/install/explore_lite_msgs/include/explore_lite_msgs/explore_lite_msgs/msg/rosidl_typesupport_fastrtps_c__visibility_control.h
[2.775s] -- Symlinking: /home/notch/turtlebot3_ws/src/m-explore-ros2/install/explore_lite_msgs/include/explore_lite_msgs/explore_lite_msgs/msg/detail/explore_status__rosidl_typesupport_introspection_c.h
[2.780s] -- Symlinking: /home/notch/turtlebot3_ws/src/m-explore-ros2/install/explore_lite_msgs/include/explore_lite_msgs/explore_lite_msgs/msg/rosidl_typesupport_introspection_c__visibility_control.h
[2.785s] -- Symlinking: /home/notch/turtlebot3_ws/src/m-explore-ros2/install/explore_lite_msgs/include/explore_lite_msgs/explore_lite_msgs/msg/detail/explore_status__builder.hpp
[2.791s] -- Symlinking: /home/notch/turtlebot3_ws/src/m-explore-ros2/install/explore_lite_msgs/include/explore_lite_msgs/explore_lite_msgs/msg/detail/explore_status__struct.hpp
[2.798s] -- Symlinking: /home/notch/turtlebot3_ws/src/m-explore-ros2/install/explore_lite_msgs/include/explore_lite_msgs/explore_lite_msgs/msg/detail/explore_status__traits.hpp
[2.804s] -- Symlinking: /home/notch/turtlebot3_ws/src/m-explore-ros2/install/explore_lite_msgs/include/explore_lite_msgs/explore_lite_msgs/msg/detail/explore_status__type_support.hpp
[2.809s] -- Symlinking: /home/notch/turtlebot3_ws/src/m-explore-ros2/install/explore_lite_msgs/include/explore_lite_msgs/explore_lite_msgs/msg/explore_status.hpp
[2.815s] -- Symlinking: /home/notch/turtlebot3_ws/src/m-explore-ros2/install/explore_lite_msgs/include/explore_lite_msgs/explore_lite_msgs/msg/rosidl_generator_cpp__visibility_control.hpp
[2.821s] -- Symlinking: /home/notch/turtlebot3_ws/src/m-explore-ros2/install/explore_lite_msgs/include/explore_lite_msgs/explore_lite_msgs/msg/detail/explore_status__rosidl_typesupport_fastrtps_cpp.hpp
[2.828s] -- Symlinking: /home/notch/turtlebot3_ws/src/m-explore-ros2/install/explore_lite_msgs/include/explore_lite_msgs/explore_lite_msgs/msg/rosidl_typesupport_fastrtps_cpp__visibility_control.h
[2.834s] -- Symlinking: /home/notch/turtlebot3_ws/src/m-explore-ros2/install/explore_lite_msgs/include/explore_lite_msgs/explore_lite_msgs/msg/detail/explore_status__rosidl_typesupport_introspection_cpp.hpp
[2.840s] -- Symlinking: /home/notch/turtlebot3_ws/src/m-explore-ros2/install/explore_lite_msgs/share/explore_lite_msgs/environment/pythonpath.sh
[2.845s] -- Symlinking: /home/notch/turtlebot3_ws/src/m-explore-ros2/install/explore_lite_msgs/share/explore_lite_msgs/environment/pythonpath.dsv
[2.851s] -- Symlinking: /home/notch/turtlebot3_ws/src/m-explore-ros2/install/explore_lite_msgs/local/lib/python3.10/dist-packages/explore_lite_msgs-1.0.0-py3.10.egg-info/PKG-INFO
[2.858s] -- Symlinking: /home/notch/turtlebot3_ws/src/m-explore-ros2/install/explore_lite_msgs/local/lib/python3.10/dist-packages/explore_lite_msgs-1.0.0-py3.10.egg-info/SOURCES.txt
[2.864s] -- Symlinking: /home/notch/turtlebot3_ws/src/m-explore-ros2/install/explore_lite_msgs/local/lib/python3.10/dist-packages/explore_lite_msgs-1.0.0-py3.10.egg-info/dependency_links.txt
[2.870s] -- Symlinking: /home/notch/turtlebot3_ws/src/m-explore-ros2/install/explore_lite_msgs/local/lib/python3.10/dist-packages/explore_lite_msgs-1.0.0-py3.10.egg-info/top_level.txt
[2.875s] -- Symlinking: /home/notch/turtlebot3_ws/src/m-explore-ros2/install/explore_lite_msgs/local/lib/python3.10/dist-packages/explore_lite_msgs/__init__.py
[2.880s] -- Symlinking: /home/notch/turtlebot3_ws/src/m-explore-ros2/install/explore_lite_msgs/local/lib/python3.10/dist-packages/explore_lite_msgs/_explore_lite_msgs_s.ep.rosidl_typesupport_c.c
[2.887s] -- Symlinking: /home/notch/turtlebot3_ws/src/m-explore-ros2/install/explore_lite_msgs/local/lib/python3.10/dist-packages/explore_lite_msgs/_explore_lite_msgs_s.ep.rosidl_typesupport_fastrtps_c.c
[2.892s] -- Symlinking: /home/notch/turtlebot3_ws/src/m-explore-ros2/install/explore_lite_msgs/local/lib/python3.10/dist-packages/explore_lite_msgs/_explore_lite_msgs_s.ep.rosidl_typesupport_introspection_c.c
[2.898s] -- Symlinking: /home/notch/turtlebot3_ws/src/m-explore-ros2/install/explore_lite_msgs/local/lib/python3.10/dist-packages/explore_lite_msgs/explore_lite_msgs_s__rosidl_typesupport_c.cpython-310-x86_64-linux-gnu.so
[2.904s] -- Symlinking: /home/notch/turtlebot3_ws/src/m-explore-ros2/install/explore_lite_msgs/local/lib/python3.10/dist-packages/explore_lite_msgs/explore_lite_msgs_s__rosidl_typesupport_fastrtps_c.cpython-310-x86_64-linux-gnu.so
[2.909s] -- Symlinking: /home/notch/turtlebot3_ws/src/m-explore-ros2/install/explore_lite_msgs/local/lib/python3.10/dist-packages/explore_lite_msgs/explore_lite_msgs_s__rosidl_typesupport_introspection_c.cpython-310-x86_64-linux-gnu.so
[2.914s] -- Symlinking: /home/notch/turtlebot3_ws/src/m-explore-ros2/install/explore_lite_msgs/local/lib/python3.10/dist-packages/explore_lite_msgs/libexplore_lite_msgs__rosidl_generator_py.so
[2.920s] -- Symlinking: /home/notch/turtlebot3_ws/src/m-explore-ros2/install/explore_lite_msgs/local/lib/python3.10/dist-packages/explore_lite_msgs/msg/__init__.py
[2.925s] -- Symlinking: /home/notch/turtlebot3_ws/src/m-explore-ros2/install/explore_lite_msgs/local/lib/python3.10/dist-packages/explore_lite_msgs/msg/_explore_status.py
[2.930s] -- Symlinking: /home/notch/turtlebot3_ws/src/m-explore-ros2/install/explore_lite_msgs/local/lib/python3.10/dist-packages/explore_lite_msgs/msg/_explore_status_s.c
[2.937s] -- Up-to-date symlink: /home/notch/turtlebot3_ws/src/m-explore-ros2/install/explore_lite_msgs/local/lib/python3.10/dist-packages/explore_lite_msgs/explore_lite_msgs_s__rosidl_typesupport_fastrtps_c.cpython-310-x86_64-linux-gnu.so
[2.937s] -- Up-to-date symlink: /home/notch/turtlebot3_ws/src/m-explore-ros2/install/explore_lite_msgs/local/lib/python3.10/dist-packages/explore_lite_msgs/explore_lite_msgs_s__rosidl_typesupport_introspection_c.cpython-310-x86_64-linux-gnu.so
[2.937s] -- Up-to-date symlink: /home/notch/turtlebot3_ws/src/m-explore-ros2/install/explore_lite_msgs/local/lib/python3.10/dist-packages/explore_lite_msgs/explore_lite_msgs_s__rosidl_typesupport_c.cpython-310-x86_64-linux-gnu.so
[2.937s] -- Symlinking: /home/notch/turtlebot3_ws/src/m-explore-ros2/install/explore_lite_msgs/share/explore_lite_msgs/msg/ExploreStatus.idl
[2.944s] -- Symlinking: /home/notch/turtlebot3_ws/src/m-explore-ros2/install/explore_lite_msgs/share/explore_lite_msgs/msg/ExploreStatus.msg
[2.950s] -- Symlinking: /home/notch/turtlebot3_ws/src/m-explore-ros2/install/explore_lite_msgs/share/ament_index/resource_index/package_run_dependencies/explore_lite_msgs
[2.957s] -- Symlinking: /home/notch/turtlebot3_ws/src/m-explore-ros2/install/explore_lite_msgs/share/ament_index/resource_index/parent_prefix_path/explore_lite_msgs
[2.962s] -- Symlinking: /home/notch/turtlebot3_ws/src/m-explore-ros2/install/explore_lite_msgs/share/explore_lite_msgs/environment/ament_prefix_path.sh
[2.968s] -- Symlinking: /home/notch/turtlebot3_ws/src/m-explore-ros2/install/explore_lite_msgs/share/explore_lite_msgs/environment/ament_prefix_path.dsv
[2.973s] -- Symlinking: /home/notch/turtlebot3_ws/src/m-explore-ros2/install/explore_lite_msgs/share/explore_lite_msgs/environment/path.sh
[2.978s] -- Symlinking: /home/notch/turtlebot3_ws/src/m-explore-ros2/install/explore_lite_msgs/share/explore_lite_msgs/environment/path.dsv
[2.984s] -- Symlinking: /home/notch/turtlebot3_ws/src/m-explore-ros2/install/explore_lite_msgs/share/explore_lite_msgs/local_setup.bash
[2.990s] -- Symlinking: /home/notch/turtlebot3_ws/src/m-explore-ros2/install/explore_lite_msgs/share/explore_lite_msgs/local_setup.sh
[2.995s] -- Symlinking: /home/notch/turtlebot3_ws/src/m-explore-ros2/install/explore_lite_msgs/share/explore_lite_msgs/local_setup.zsh
[3.000s] -- Symlinking: /home/notch/turtlebot3_ws/src/m-explore-ros2/install/explore_lite_msgs/share/explore_lite_msgs/local_setup.dsv
[3.007s] -- Symlinking: /home/notch/turtlebot3_ws/src/m-explore-ros2/install/explore_lite_msgs/share/explore_lite_msgs/package.dsv
[3.012s] -- Symlinking: /home/notch/turtlebot3_ws/src/m-explore-ros2/install/explore_lite_msgs/share/ament_index/resource_index/packages/explore_lite_msgs
[3.017s] -- Symlinking: /home/notch/turtlebot3_ws/src/m-explore-ros2/install/explore_lite_msgs/share/explore_lite_msgs/cmake/rosidl_cmake-extras.cmake
[3.023s] -- Symlinking: /home/notch/turtlebot3_ws/src/m-explore-ros2/install/explore_lite_msgs/share/explore_lite_msgs/cmake/ament_cmake_export_include_directories-extras.cmake
[3.028s] -- Symlinking: /home/notch/turtlebot3_ws/src/m-explore-ros2/install/explore_lite_msgs/share/explore_lite_msgs/cmake/ament_cmake_export_libraries-extras.cmake
[3.035s] -- Symlinking: /home/notch/turtlebot3_ws/src/m-explore-ros2/install/explore_lite_msgs/share/explore_lite_msgs/cmake/ament_cmake_export_targets-extras.cmake
[3.040s] -- Symlinking: /home/notch/turtlebot3_ws/src/m-explore-ros2/install/explore_lite_msgs/share/explore_lite_msgs/cmake/rosidl_cmake_export_typesupport_targets-extras.cmake
[3.046s] -- Symlinking: /home/notch/turtlebot3_ws/src/m-explore-ros2/install/explore_lite_msgs/share/explore_lite_msgs/cmake/ament_cmake_export_dependencies-extras.cmake
[3.051s] -- Symlinking: /home/notch/turtlebot3_ws/src/m-explore-ros2/install/explore_lite_msgs/share/explore_lite_msgs/cmake/rosidl_cmake_export_typesupport_libraries-extras.cmake
[3.056s] -- Symlinking: /home/notch/turtlebot3_ws/src/m-explore-ros2/install/explore_lite_msgs/share/explore_lite_msgs/cmake/explore_lite_msgsConfig.cmake
[3.061s] -- Symlinking: /home/notch/turtlebot3_ws/src/m-explore-ros2/install/explore_lite_msgs/share/explore_lite_msgs/cmake/explore_lite_msgsConfig-version.cmake
[3.067s] -- Symlinking: /home/notch/turtlebot3_ws/src/m-explore-ros2/install/explore_lite_msgs/share/explore_lite_msgs/package.xml
[3.073s] -- Installing: /home/notch/turtlebot3_ws/src/m-explore-ros2/install/explore_lite_msgs/lib/libexplore_lite_msgs__rosidl_generator_c.so
[3.073s] -- Set runtime path of "/home/notch/turtlebot3_ws/src/m-explore-ros2/install/explore_lite_msgs/lib/libexplore_lite_msgs__rosidl_generator_c.so" to ""
[3.073s] -- Installing: /home/notch/turtlebot3_ws/src/m-explore-ros2/install/explore_lite_msgs/lib/libexplore_lite_msgs__rosidl_typesupport_fastrtps_c.so
[3.074s] -- Set runtime path of "/home/notch/turtlebot3_ws/src/m-explore-ros2/install/explore_lite_msgs/lib/libexplore_lite_msgs__rosidl_typesupport_fastrtps_c.so" to ""
[3.074s] -- Installing: /home/notch/turtlebot3_ws/src/m-explore-ros2/install/explore_lite_msgs/lib/libexplore_lite_msgs__rosidl_typesupport_introspection_c.so
[3.074s] -- Set runtime path of "/home/notch/turtlebot3_ws/src/m-explore-ros2/install/explore_lite_msgs/lib/libexplore_lite_msgs__rosidl_typesupport_introspection_c.so" to ""
[3.074s] -- Installing: /home/notch/turtlebot3_ws/src/m-explore-ros2/install/explore_lite_msgs/lib/libexplore_lite_msgs__rosidl_typesupport_c.so
[3.074s] -- Set runtime path of "/home/notch/turtlebot3_ws/src/m-explore-ros2/install/explore_lite_msgs/lib/libexplore_lite_msgs__rosidl_typesupport_c.so" to ""
[3.074s] -- Installing: /home/notch/turtlebot3_ws/src/m-explore-ros2/install/explore_lite_msgs/lib/libexplore_lite_msgs__rosidl_typesupport_fastrtps_cpp.so
[3.074s] -- Set runtime path of "/home/notch/turtlebot3_ws/src/m-explore-ros2/install/explore_lite_msgs/lib/libexplore_lite_msgs__rosidl_typesupport_fastrtps_cpp.so" to ""
[3.074s] -- Installing: /home/notch/turtlebot3_ws/src/m-explore-ros2/install/explore_lite_msgs/lib/libexplore_lite_msgs__rosidl_typesupport_introspection_cpp.so
[3.074s] -- Set runtime path of "/home/notch/turtlebot3_ws/src/m-explore-ros2/install/explore_lite_msgs/lib/libexplore_lite_msgs__rosidl_typesupport_introspection_cpp.so" to ""
[3.074s] -- Installing: /home/notch/turtlebot3_ws/src/m-explore-ros2/install/explore_lite_msgs/lib/libexplore_lite_msgs__rosidl_typesupport_cpp.so
[3.074s] -- Set runtime path of "/home/notch/turtlebot3_ws/src/m-explore-ros2/install/explore_lite_msgs/lib/libexplore_lite_msgs__rosidl_typesupport_cpp.so" to ""
[3.114s] Listing '/home/notch/turtlebot3_ws/src/m-explore-ros2/install/explore_lite_msgs/local/lib/python3.10/dist-packages/explore_lite_msgs'...
[3.114s] Compiling '/home/notch/turtlebot3_ws/src/m-explore-ros2/install/explore_lite_msgs/local/lib/python3.10/dist-packages/explore_lite_msgs/__init__.py'...
[3.114s] Listing '/home/notch/turtlebot3_ws/src/m-explore-ros2/install/explore_lite_msgs/local/lib/python3.10/dist-packages/explore_lite_msgs/msg'...
[3.114s] Compiling '/home/notch/turtlebot3_ws/src/m-explore-ros2/install/explore_lite_msgs/local/lib/python3.10/dist-packages/explore_lite_msgs/msg/__init__.py'...
[3.114s] Compiling '/home/notch/turtlebot3_ws/src/m-explore-ros2/install/explore_lite_msgs/local/lib/python3.10/dist-packages/explore_lite_msgs/msg/_explore_status.py'...
[3.118s] -- Installing: /home/notch/turtlebot3_ws/src/m-explore-ros2/install/explore_lite_msgs/lib/libexplore_lite_msgs__rosidl_generator_py.so
[3.118s] -- Set runtime path of "/home/notch/turtlebot3_ws/src/m-explore-ros2/install/explore_lite_msgs/lib/libexplore_lite_msgs__rosidl_generator_py.so" to ""
[3.118s] -- Installing: /home/notch/turtlebot3_ws/src/m-explore-ros2/install/explore_lite_msgs/share/explore_lite_msgs/cmake/export_explore_lite_msgs__rosidl_generator_cExport.cmake
[3.118s] -- Installing: /home/notch/turtlebot3_ws/src/m-explore-ros2/install/explore_lite_msgs/share/explore_lite_msgs/cmake/export_explore_lite_msgs__rosidl_generator_cExport-noconfig.cmake
[3.118s] -- Installing: /home/notch/turtlebot3_ws/src/m-explore-ros2/install/explore_lite_msgs/share/explore_lite_msgs/cmake/export_explore_lite_msgs__rosidl_typesupport_fastrtps_cExport.cmake
[3.118s] -- Installing: /home/notch/turtlebot3_ws/src/m-explore-ros2/install/explore_lite_msgs/share/explore_lite_msgs/cmake/export_explore_lite_msgs__rosidl_typesupport_fastrtps_cExport-noconfig.cmake
[3.118s] -- Installing: /home/notch/turtlebot3_ws/src/m-explore-ros2/install/explore_lite_msgs/share/explore_lite_msgs/cmake/explore_lite_msgs__rosidl_typesupport_introspection_cExport.cmake
[3.118s] -- Installing: /home/notch/turtlebot3_ws/src/m-explore-ros2/install/explore_lite_msgs/share/explore_lite_msgs/cmake/explore_lite_msgs__rosidl_typesupport_introspection_cExport-noconfig.cmake
[3.118s] -- Installing: /home/notch/turtlebot3_ws/src/m-explore-ros2/install/explore_lite_msgs/share/explore_lite_msgs/cmake/explore_lite_msgs__rosidl_typesupport_cExport.cmake
[3.118s] -- Installing: /home/notch/turtlebot3_ws/src/m-explore-ros2/install/explore_lite_msgs/share/explore_lite_msgs/cmake/explore_lite_msgs__rosidl_typesupport_cExport-noconfig.cmake
[3.118s] -- Installing: /home/notch/turtlebot3_ws/src/m-explore-ros2/install/explore_lite_msgs/share/explore_lite_msgs/cmake/export_explore_lite_msgs__rosidl_generator_cppExport.cmake
[3.118s] -- Installing: /home/notch/turtlebot3_ws/src/m-explore-ros2/install/explore_lite_msgs/share/explore_lite_msgs/cmake/export_explore_lite_msgs__rosidl_typesupport_fastrtps_cppExport.cmake
[3.118s] -- Installing: /home/notch/turtlebot3_ws/src/m-explore-ros2/install/explore_lite_msgs/share/explore_lite_msgs/cmake/export_explore_lite_msgs__rosidl_typesupport_fastrtps_cppExport-noconfig.cmake
[3.118s] -- Installing: /home/notch/turtlebot3_ws/src/m-explore-ros2/install/explore_lite_msgs/share/explore_lite_msgs/cmake/explore_lite_msgs__rosidl_typesupport_introspection_cppExport.cmake
[3.118s] -- Installing: /home/notch/turtlebot3_ws/src/m-explore-ros2/install/explore_lite_msgs/share/explore_lite_msgs/cmake/explore_lite_msgs__rosidl_typesupport_introspection_cppExport-noconfig.cmake
[3.118s] -- Installing: /home/notch/turtlebot3_ws/src/m-explore-ros2/install/explore_lite_msgs/share/explore_lite_msgs/cmake/explore_lite_msgs__rosidl_typesupport_cppExport.cmake
[3.118s] -- Installing: /home/notch/turtlebot3_ws/src/m-explore-ros2/install/explore_lite_msgs/share/explore_lite_msgs/cmake/explore_lite_msgs__rosidl_typesupport_cppExport-noconfig.cmake
[3.119s] -- Installing: /home/notch/turtlebot3_ws/src/m-explore-ros2/install/explore_lite_msgs/share/explore_lite_msgs/cmake/export_explore_lite_msgs__rosidl_generator_pyExport.cmake
[3.119s] -- Installing: /home/notch/turtlebot3_ws/src/m-explore-ros2/install/explore_lite_msgs/share/explore_lite_msgs/cmake/export_explore_lite_msgs__rosidl_generator_pyExport-noconfig.cmake
[3.120s] Invoked command in '/home/notch/turtlebot3_ws/src/m-explore-ros2/build/explore_lite_msgs' returned '0': CMAKE_PREFIX_PATH=${CMAKE_PREFIX_PATH}:/home/notch/turtlebot3_ws/install/turtlebot3_teleop:/home/notch/turtlebot3_ws/install/turtlebot3_example:/home/notch/turtlebot3_ws/install/py_pubsub:/home/notch/turtlebot3_ws/install/my_explorer:/home/notch/turtlebot3_ws/install/auto_nav:/home/notch/install/turtlebot3_teleop:/home/notch/install/turtlebot3_example:/home/notch/install/my_explorer:/home/notch/install/auto_nav:/opt/ros/humble /usr/bin/cmake --install /home/notch/turtlebot3_ws/src/m-explore-ros2/build/explore_lite_msgs
