[0.010s] Invoking command in '/home/notch/turtlebot3_ws/src/m-explore-ros2/build/explore_lite_msgs': CMAKE_PREFIX_PATH=${CMAKE_PREFIX_PATH}:/home/notch/turtlebot3_ws/install/turtlebot3_teleop:/home/notch/turtlebot3_ws/install/turtlebot3_example:/home/notch/turtlebot3_ws/install/py_pubsub:/home/notch/turtlebot3_ws/install/my_explorer:/home/notch/turtlebot3_ws/install/auto_nav:/home/notch/install/turtlebot3_teleop:/home/notch/install/turtlebot3_example:/home/notch/install/my_explorer:/home/notch/install/auto_nav:/opt/ros/humble /usr/bin/cmake --build /home/notch/turtlebot3_ws/src/m-explore-ros2/build/explore_lite_msgs -- -j18 -l18
[0.056s] [  3%] Built target explore_lite_msgs__cpp
[0.057s] [ 12%] Built target explore_lite_msgs__rosidl_generator_c
[0.062s] [ 12%] Built target ament_cmake_python_symlink_explore_lite_msgs
[0.072s] [ 22%] Built target explore_lite_msgs__rosidl_typesupport_c
[0.074s] [ 32%] Built target explore_lite_msgs__rosidl_typesupport_introspection_c
[0.074s] [ 41%] Built target explore_lite_msgs__rosidl_typesupport_cpp
[0.077s] [ 51%] Built target explore_lite_msgs__rosidl_typesupport_fastrtps_cpp
[0.080s] [ 61%] Built target explore_lite_msgs__rosidl_typesupport_introspection_cpp
[0.081s] [ 70%] Built target explore_lite_msgs__rosidl_typesupport_fastrtps_c
[0.100s] [ 70%] Built target explore_lite_msgs
[0.120s] [ 74%] Built target explore_lite_msgs__py
[0.139s] [ 80%] Built target explore_lite_msgs__rosidl_generator_py
[0.162s] [ 90%] Built target explore_lite_msgs__rosidl_typesupport_introspection_c__pyext
[0.162s] [ 93%] Built target explore_lite_msgs__rosidl_typesupport_c__pyext
[0.163s] [100%] Built target explore_lite_msgs__rosidl_typesupport_fastrtps_c__pyext
[0.221s] running egg_info
[0.222s] writing explore_lite_msgs.egg-info/PKG-INFO
[0.222s] writing dependency_links to explore_lite_msgs.egg-info/dependency_links.txt
[0.222s] writing top-level names to explore_lite_msgs.egg-info/top_level.txt
[0.223s] reading manifest file 'explore_lite_msgs.egg-info/SOURCES.txt'
[0.223s] writing manifest file 'explore_lite_msgs.egg-info/SOURCES.txt'
[0.245s] [100%] Built target ament_cmake_python_build_explore_lite_msgs_egg
[0.254s] Invoked command in '/home/notch/turtlebot3_ws/src/m-explore-ros2/build/explore_lite_msgs' returned '0': CMAKE_PREFIX_PATH=${CMAKE_PREFIX_PATH}:/home/notch/turtlebot3_ws/install/turtlebot3_teleop:/home/notch/turtlebot3_ws/install/turtlebot3_example:/home/notch/turtlebot3_ws/install/py_pubsub:/home/notch/turtlebot3_ws/install/my_explorer:/home/notch/turtlebot3_ws/install/auto_nav:/home/notch/install/turtlebot3_teleop:/home/notch/install/turtlebot3_example:/home/notch/install/my_explorer:/home/notch/install/auto_nav:/opt/ros/humble /usr/bin/cmake --build /home/notch/turtlebot3_ws/src/m-explore-ros2/build/explore_lite_msgs -- -j18 -l18
[0.261s] Invoking command in '/home/notch/turtlebot3_ws/src/m-explore-ros2/build/explore_lite_msgs': CMAKE_PREFIX_PATH=${CMAKE_PREFIX_PATH}:/home/notch/turtlebot3_ws/install/turtlebot3_teleop:/home/notch/turtlebot3_ws/install/turtlebot3_example:/home/notch/turtlebot3_ws/install/py_pubsub:/home/notch/turtlebot3_ws/install/my_explorer:/home/notch/turtlebot3_ws/install/auto_nav:/home/notch/install/turtlebot3_teleop:/home/notch/install/turtlebot3_example:/home/notch/install/my_explorer:/home/notch/install/auto_nav:/opt/ros/humble /usr/bin/cmake --install /home/notch/turtlebot3_ws/src/m-explore-ros2/build/explore_lite_msgs
[0.266s] -- Install configuration: ""
[0.267s] -- Execute custom install script
[0.267s] -- Up-to-date symlink: /home/notch/turtlebot3_ws/src/m-explore-ros2/install/explore_lite_msgs/share/ament_index/resource_index/rosidl_interfaces/explore_lite_msgs
[0.267s] -- Up-to-date symlink: /home/notch/turtlebot3_ws/src/m-explore-ros2/install/explore_lite_msgs/include/explore_lite_msgs/explore_lite_msgs/msg/detail/explore_status__functions.h
[0.267s] -- Up-to-date symlink: /home/notch/turtlebot3_ws/src/m-explore-ros2/install/explore_lite_msgs/include/explore_lite_msgs/explore_lite_msgs/msg/detail/explore_status__struct.h
[0.267s] -- Up-to-date symlink: /home/notch/turtlebot3_ws/src/m-explore-ros2/install/explore_lite_msgs/include/explore_lite_msgs/explore_lite_msgs/msg/detail/explore_status__type_support.h
[0.267s] -- Up-to-date symlink: /home/notch/turtlebot3_ws/src/m-explore-ros2/install/explore_lite_msgs/include/explore_lite_msgs/explore_lite_msgs/msg/explore_status.h
[0.267s] -- Up-to-date symlink: /home/notch/turtlebot3_ws/src/m-explore-ros2/install/explore_lite_msgs/include/explore_lite_msgs/explore_lite_msgs/msg/rosidl_generator_c__visibility_control.h
[0.267s] -- Up-to-date symlink: /home/notch/turtlebot3_ws/src/m-explore-ros2/install/explore_lite_msgs/share/explore_lite_msgs/environment/library_path.sh
[0.267s] -- Up-to-date symlink: /home/notch/turtlebot3_ws/src/m-explore-ros2/install/explore_lite_msgs/share/explore_lite_msgs/environment/library_path.dsv
[0.268s] -- Up-to-date symlink: /home/notch/turtlebot3_ws/src/m-explore-ros2/install/explore_lite_msgs/include/explore_lite_msgs/explore_lite_msgs/msg/detail/explore_status__rosidl_typesupport_fastrtps_c.h
[0.268s] -- Up-to-date symlink: /home/notch/turtlebot3_ws/src/m-explore-ros2/install/explore_lite_msgs/include/explore_lite_msgs/explore_lite_msgs/msg/rosidl_typesupport_fastrtps_c__visibility_control.h
[0.268s] -- Up-to-date symlink: /home/notch/turtlebot3_ws/src/m-explore-ros2/install/explore_lite_msgs/include/explore_lite_msgs/explore_lite_msgs/msg/detail/explore_status__rosidl_typesupport_introspection_c.h
[0.268s] -- Up-to-date symlink: /home/notch/turtlebot3_ws/src/m-explore-ros2/install/explore_lite_msgs/include/explore_lite_msgs/explore_lite_msgs/msg/rosidl_typesupport_introspection_c__visibility_control.h
[0.268s] -- Up-to-date symlink: /home/notch/turtlebot3_ws/src/m-explore-ros2/install/explore_lite_msgs/include/explore_lite_msgs/explore_lite_msgs/msg/detail/explore_status__builder.hpp
[0.268s] -- Up-to-date symlink: /home/notch/turtlebot3_ws/src/m-explore-ros2/install/explore_lite_msgs/include/explore_lite_msgs/explore_lite_msgs/msg/detail/explore_status__struct.hpp
[0.268s] -- Up-to-date symlink: /home/notch/turtlebot3_ws/src/m-explore-ros2/install/explore_lite_msgs/include/explore_lite_msgs/explore_lite_msgs/msg/detail/explore_status__traits.hpp
[0.268s] -- Up-to-date symlink: /home/notch/turtlebot3_ws/src/m-explore-ros2/install/explore_lite_msgs/include/explore_lite_msgs/explore_lite_msgs/msg/detail/explore_status__type_support.hpp
[0.268s] -- Up-to-date symlink: /home/notch/turtlebot3_ws/src/m-explore-ros2/install/explore_lite_msgs/include/explore_lite_msgs/explore_lite_msgs/msg/explore_status.hpp
[0.268s] -- Up-to-date symlink: /home/notch/turtlebot3_ws/src/m-explore-ros2/install/explore_lite_msgs/include/explore_lite_msgs/explore_lite_msgs/msg/rosidl_generator_cpp__visibility_control.hpp
[0.268s] -- Up-to-date symlink: /home/notch/turtlebot3_ws/src/m-explore-ros2/install/explore_lite_msgs/include/explore_lite_msgs/explore_lite_msgs/msg/detail/explore_status__rosidl_typesupport_fastrtps_cpp.hpp
[0.268s] -- Up-to-date symlink: /home/notch/turtlebot3_ws/src/m-explore-ros2/install/explore_lite_msgs/include/explore_lite_msgs/explore_lite_msgs/msg/rosidl_typesupport_fastrtps_cpp__visibility_control.h
[0.269s] -- Up-to-date symlink: /home/notch/turtlebot3_ws/src/m-explore-ros2/install/explore_lite_msgs/include/explore_lite_msgs/explore_lite_msgs/msg/detail/explore_status__rosidl_typesupport_introspection_cpp.hpp
[0.269s] -- Up-to-date symlink: /home/notch/turtlebot3_ws/src/m-explore-ros2/install/explore_lite_msgs/share/explore_lite_msgs/environment/pythonpath.sh
[0.269s] -- Up-to-date symlink: /home/notch/turtlebot3_ws/src/m-explore-ros2/install/explore_lite_msgs/share/explore_lite_msgs/environment/pythonpath.dsv
[0.269s] -- Up-to-date symlink: /home/notch/turtlebot3_ws/src/m-explore-ros2/install/explore_lite_msgs/local/lib/python3.10/dist-packages/explore_lite_msgs-1.0.0-py3.10.egg-info/PKG-INFO
[0.269s] -- Up-to-date symlink: /home/notch/turtlebot3_ws/src/m-explore-ros2/install/explore_lite_msgs/local/lib/python3.10/dist-packages/explore_lite_msgs-1.0.0-py3.10.egg-info/SOURCES.txt
[0.269s] -- Up-to-date symlink: /home/notch/turtlebot3_ws/src/m-explore-ros2/install/explore_lite_msgs/local/lib/python3.10/dist-packages/explore_lite_msgs-1.0.0-py3.10.egg-info/dependency_links.txt
[0.269s] -- Up-to-date symlink: /home/notch/turtlebot3_ws/src/m-explore-ros2/install/explore_lite_msgs/local/lib/python3.10/dist-packages/explore_lite_msgs-1.0.0-py3.10.egg-info/top_level.txt
[0.269s] -- Up-to-date symlink: /home/notch/turtlebot3_ws/src/m-explore-ros2/install/explore_lite_msgs/local/lib/python3.10/dist-packages/explore_lite_msgs/__init__.py
[0.269s] -- Up-to-date symlink: /home/notch/turtlebot3_ws/src/m-explore-ros2/install/explore_lite_msgs/local/lib/python3.10/dist-packages/explore_lite_msgs/_explore_lite_msgs_s.ep.rosidl_typesupport_c.c
[0.269s] -- Up-to-date symlink: /home/notch/turtlebot3_ws/src/m-explore-ros2/install/explore_lite_msgs/local/lib/python3.10/dist-packages/explore_lite_msgs/_explore_lite_msgs_s.ep.rosidl_typesupport_fastrtps_c.c
[0.269s] -- Up-to-date symlink: /home/notch/turtlebot3_ws/src/m-explore-ros2/install/explore_lite_msgs/local/lib/python3.10/dist-packages/explore_lite_msgs/_explore_lite_msgs_s.ep.rosidl_typesupport_introspection_c.c
[0.269s] -- Up-to-date symlink: /home/notch/turtlebot3_ws/src/m-explore-ros2/install/explore_lite_msgs/local/lib/python3.10/dist-packages/explore_lite_msgs/explore_lite_msgs_s__rosidl_typesupport_c.cpython-310-x86_64-linux-gnu.so
[0.269s] -- Up-to-date symlink: /home/notch/turtlebot3_ws/src/m-explore-ros2/install/explore_lite_msgs/local/lib/python3.10/dist-packages/explore_lite_msgs/explore_lite_msgs_s__rosidl_typesupport_fastrtps_c.cpython-310-x86_64-linux-gnu.so
[0.270s] -- Up-to-date symlink: /home/notch/turtlebot3_ws/src/m-explore-ros2/install/explore_lite_msgs/local/lib/python3.10/dist-packages/explore_lite_msgs/explore_lite_msgs_s__rosidl_typesupport_introspection_c.cpython-310-x86_64-linux-gnu.so
[0.270s] -- Up-to-date symlink: /home/notch/turtlebot3_ws/src/m-explore-ros2/install/explore_lite_msgs/local/lib/python3.10/dist-packages/explore_lite_msgs/libexplore_lite_msgs__rosidl_generator_py.so
[0.270s] -- Up-to-date symlink: /home/notch/turtlebot3_ws/src/m-explore-ros2/install/explore_lite_msgs/local/lib/python3.10/dist-packages/explore_lite_msgs/msg/__init__.py
[0.270s] -- Up-to-date symlink: /home/notch/turtlebot3_ws/src/m-explore-ros2/install/explore_lite_msgs/local/lib/python3.10/dist-packages/explore_lite_msgs/msg/_explore_status.py
[0.270s] -- Up-to-date symlink: /home/notch/turtlebot3_ws/src/m-explore-ros2/install/explore_lite_msgs/local/lib/python3.10/dist-packages/explore_lite_msgs/msg/_explore_status_s.c
[0.270s] -- Up-to-date symlink: /home/notch/turtlebot3_ws/src/m-explore-ros2/install/explore_lite_msgs/local/lib/python3.10/dist-packages/explore_lite_msgs/explore_lite_msgs_s__rosidl_typesupport_fastrtps_c.cpython-310-x86_64-linux-gnu.so
[0.270s] -- Up-to-date symlink: /home/notch/turtlebot3_ws/src/m-explore-ros2/install/explore_lite_msgs/local/lib/python3.10/dist-packages/explore_lite_msgs/explore_lite_msgs_s__rosidl_typesupport_introspection_c.cpython-310-x86_64-linux-gnu.so
[0.270s] -- Up-to-date symlink: /home/notch/turtlebot3_ws/src/m-explore-ros2/install/explore_lite_msgs/local/lib/python3.10/dist-packages/explore_lite_msgs/explore_lite_msgs_s__rosidl_typesupport_c.cpython-310-x86_64-linux-gnu.so
[0.270s] -- Up-to-date symlink: /home/notch/turtlebot3_ws/src/m-explore-ros2/install/explore_lite_msgs/share/explore_lite_msgs/msg/ExploreStatus.idl
[0.270s] -- Up-to-date symlink: /home/notch/turtlebot3_ws/src/m-explore-ros2/install/explore_lite_msgs/share/explore_lite_msgs/msg/ExploreStatus.msg
[0.270s] -- Up-to-date symlink: /home/notch/turtlebot3_ws/src/m-explore-ros2/install/explore_lite_msgs/share/ament_index/resource_index/package_run_dependencies/explore_lite_msgs
[0.270s] -- Up-to-date symlink: /home/notch/turtlebot3_ws/src/m-explore-ros2/install/explore_lite_msgs/share/ament_index/resource_index/parent_prefix_path/explore_lite_msgs
[0.270s] -- Up-to-date symlink: /home/notch/turtlebot3_ws/src/m-explore-ros2/install/explore_lite_msgs/share/explore_lite_msgs/environment/ament_prefix_path.sh
[0.271s] -- Up-to-date symlink: /home/notch/turtlebot3_ws/src/m-explore-ros2/install/explore_lite_msgs/share/explore_lite_msgs/environment/ament_prefix_path.dsv
[0.271s] -- Up-to-date symlink: /home/notch/turtlebot3_ws/src/m-explore-ros2/install/explore_lite_msgs/share/explore_lite_msgs/environment/path.sh
[0.271s] -- Up-to-date symlink: /home/notch/turtlebot3_ws/src/m-explore-ros2/install/explore_lite_msgs/share/explore_lite_msgs/environment/path.dsv
[0.271s] -- Up-to-date symlink: /home/notch/turtlebot3_ws/src/m-explore-ros2/install/explore_lite_msgs/share/explore_lite_msgs/local_setup.bash
[0.271s] -- Up-to-date symlink: /home/notch/turtlebot3_ws/src/m-explore-ros2/install/explore_lite_msgs/share/explore_lite_msgs/local_setup.sh
[0.271s] -- Up-to-date symlink: /home/notch/turtlebot3_ws/src/m-explore-ros2/install/explore_lite_msgs/share/explore_lite_msgs/local_setup.zsh
[0.271s] -- Up-to-date symlink: /home/notch/turtlebot3_ws/src/m-explore-ros2/install/explore_lite_msgs/share/explore_lite_msgs/local_setup.dsv
[0.271s] -- Symlinking: /home/notch/turtlebot3_ws/src/m-explore-ros2/install/explore_lite_msgs/share/explore_lite_msgs/package.dsv
[0.276s] -- Up-to-date symlink: /home/notch/turtlebot3_ws/src/m-explore-ros2/install/explore_lite_msgs/share/ament_index/resource_index/packages/explore_lite_msgs
[0.277s] -- Up-to-date symlink: /home/notch/turtlebot3_ws/src/m-explore-ros2/install/explore_lite_msgs/share/explore_lite_msgs/cmake/rosidl_cmake-extras.cmake
[0.277s] -- Up-to-date symlink: /home/notch/turtlebot3_ws/src/m-explore-ros2/install/explore_lite_msgs/share/explore_lite_msgs/cmake/ament_cmake_export_include_directories-extras.cmake
[0.277s] -- Up-to-date symlink: /home/notch/turtlebot3_ws/src/m-explore-ros2/install/explore_lite_msgs/share/explore_lite_msgs/cmake/ament_cmake_export_libraries-extras.cmake
[0.277s] -- Up-to-date symlink: /home/notch/turtlebot3_ws/src/m-explore-ros2/install/explore_lite_msgs/share/explore_lite_msgs/cmake/ament_cmake_export_targets-extras.cmake
[0.277s] -- Up-to-date symlink: /home/notch/turtlebot3_ws/src/m-explore-ros2/install/explore_lite_msgs/share/explore_lite_msgs/cmake/rosidl_cmake_export_typesupport_targets-extras.cmake
[0.277s] -- Up-to-date symlink: /home/notch/turtlebot3_ws/src/m-explore-ros2/install/explore_lite_msgs/share/explore_lite_msgs/cmake/ament_cmake_export_dependencies-extras.cmake
[0.277s] -- Up-to-date symlink: /home/notch/turtlebot3_ws/src/m-explore-ros2/install/explore_lite_msgs/share/explore_lite_msgs/cmake/rosidl_cmake_export_typesupport_libraries-extras.cmake
[0.277s] -- Up-to-date symlink: /home/notch/turtlebot3_ws/src/m-explore-ros2/install/explore_lite_msgs/share/explore_lite_msgs/cmake/explore_lite_msgsConfig.cmake
[0.277s] -- Up-to-date symlink: /home/notch/turtlebot3_ws/src/m-explore-ros2/install/explore_lite_msgs/share/explore_lite_msgs/cmake/explore_lite_msgsConfig-version.cmake
[0.277s] -- Up-to-date symlink: /home/notch/turtlebot3_ws/src/m-explore-ros2/install/explore_lite_msgs/share/explore_lite_msgs/package.xml
[0.277s] -- Up-to-date: /home/notch/turtlebot3_ws/src/m-explore-ros2/install/explore_lite_msgs/lib/libexplore_lite_msgs__rosidl_generator_c.so
[0.277s] -- Up-to-date: /home/notch/turtlebot3_ws/src/m-explore-ros2/install/explore_lite_msgs/lib/libexplore_lite_msgs__rosidl_typesupport_fastrtps_c.so
[0.277s] -- Up-to-date: /home/notch/turtlebot3_ws/src/m-explore-ros2/install/explore_lite_msgs/lib/libexplore_lite_msgs__rosidl_typesupport_introspection_c.so
[0.278s] -- Up-to-date: /home/notch/turtlebot3_ws/src/m-explore-ros2/install/explore_lite_msgs/lib/libexplore_lite_msgs__rosidl_typesupport_c.so
[0.278s] -- Up-to-date: /home/notch/turtlebot3_ws/src/m-explore-ros2/install/explore_lite_msgs/lib/libexplore_lite_msgs__rosidl_typesupport_fastrtps_cpp.so
[0.278s] -- Up-to-date: /home/notch/turtlebot3_ws/src/m-explore-ros2/install/explore_lite_msgs/lib/libexplore_lite_msgs__rosidl_typesupport_introspection_cpp.so
[0.278s] -- Up-to-date: /home/notch/turtlebot3_ws/src/m-explore-ros2/install/explore_lite_msgs/lib/libexplore_lite_msgs__rosidl_typesupport_cpp.so
[0.304s] Listing '/home/notch/turtlebot3_ws/src/m-explore-ros2/install/explore_lite_msgs/local/lib/python3.10/dist-packages/explore_lite_msgs'...
[0.304s] Listing '/home/notch/turtlebot3_ws/src/m-explore-ros2/install/explore_lite_msgs/local/lib/python3.10/dist-packages/explore_lite_msgs/msg'...
[0.306s] -- Up-to-date: /home/notch/turtlebot3_ws/src/m-explore-ros2/install/explore_lite_msgs/lib/libexplore_lite_msgs__rosidl_generator_py.so
[0.307s] -- Up-to-date: /home/notch/turtlebot3_ws/src/m-explore-ros2/install/explore_lite_msgs/share/explore_lite_msgs/cmake/export_explore_lite_msgs__rosidl_generator_cExport.cmake
[0.307s] -- Up-to-date: /home/notch/turtlebot3_ws/src/m-explore-ros2/install/explore_lite_msgs/share/explore_lite_msgs/cmake/export_explore_lite_msgs__rosidl_generator_cExport-noconfig.cmake
[0.307s] -- Up-to-date: /home/notch/turtlebot3_ws/src/m-explore-ros2/install/explore_lite_msgs/share/explore_lite_msgs/cmake/export_explore_lite_msgs__rosidl_typesupport_fastrtps_cExport.cmake
[0.307s] -- Up-to-date: /home/notch/turtlebot3_ws/src/m-explore-ros2/install/explore_lite_msgs/share/explore_lite_msgs/cmake/export_explore_lite_msgs__rosidl_typesupport_fastrtps_cExport-noconfig.cmake
[0.307s] -- Up-to-date: /home/notch/turtlebot3_ws/src/m-explore-ros2/install/explore_lite_msgs/share/explore_lite_msgs/cmake/explore_lite_msgs__rosidl_typesupport_introspection_cExport.cmake
[0.307s] -- Up-to-date: /home/notch/turtlebot3_ws/src/m-explore-ros2/install/explore_lite_msgs/share/explore_lite_msgs/cmake/explore_lite_msgs__rosidl_typesupport_introspection_cExport-noconfig.cmake
[0.307s] -- Up-to-date: /home/notch/turtlebot3_ws/src/m-explore-ros2/install/explore_lite_msgs/share/explore_lite_msgs/cmake/explore_lite_msgs__rosidl_typesupport_cExport.cmake
[0.307s] -- Up-to-date: /home/notch/turtlebot3_ws/src/m-explore-ros2/install/explore_lite_msgs/share/explore_lite_msgs/cmake/explore_lite_msgs__rosidl_typesupport_cExport-noconfig.cmake
[0.307s] -- Up-to-date: /home/notch/turtlebot3_ws/src/m-explore-ros2/install/explore_lite_msgs/share/explore_lite_msgs/cmake/export_explore_lite_msgs__rosidl_generator_cppExport.cmake
[0.307s] -- Up-to-date: /home/notch/turtlebot3_ws/src/m-explore-ros2/install/explore_lite_msgs/share/explore_lite_msgs/cmake/export_explore_lite_msgs__rosidl_typesupport_fastrtps_cppExport.cmake
[0.307s] -- Up-to-date: /home/notch/turtlebot3_ws/src/m-explore-ros2/install/explore_lite_msgs/share/explore_lite_msgs/cmake/export_explore_lite_msgs__rosidl_typesupport_fastrtps_cppExport-noconfig.cmake
[0.307s] -- Up-to-date: /home/notch/turtlebot3_ws/src/m-explore-ros2/install/explore_lite_msgs/share/explore_lite_msgs/cmake/explore_lite_msgs__rosidl_typesupport_introspection_cppExport.cmake
[0.307s] -- Up-to-date: /home/notch/turtlebot3_ws/src/m-explore-ros2/install/explore_lite_msgs/share/explore_lite_msgs/cmake/explore_lite_msgs__rosidl_typesupport_introspection_cppExport-noconfig.cmake
[0.307s] -- Up-to-date: /home/notch/turtlebot3_ws/src/m-explore-ros2/install/explore_lite_msgs/share/explore_lite_msgs/cmake/explore_lite_msgs__rosidl_typesupport_cppExport.cmake
[0.307s] -- Up-to-date: /home/notch/turtlebot3_ws/src/m-explore-ros2/install/explore_lite_msgs/share/explore_lite_msgs/cmake/explore_lite_msgs__rosidl_typesupport_cppExport-noconfig.cmake
[0.307s] -- Up-to-date: /home/notch/turtlebot3_ws/src/m-explore-ros2/install/explore_lite_msgs/share/explore_lite_msgs/cmake/export_explore_lite_msgs__rosidl_generator_pyExport.cmake
[0.307s] -- Up-to-date: /home/notch/turtlebot3_ws/src/m-explore-ros2/install/explore_lite_msgs/share/explore_lite_msgs/cmake/export_explore_lite_msgs__rosidl_generator_pyExport-noconfig.cmake
[0.309s] Invoked command in '/home/notch/turtlebot3_ws/src/m-explore-ros2/build/explore_lite_msgs' returned '0': CMAKE_PREFIX_PATH=${CMAKE_PREFIX_PATH}:/home/notch/turtlebot3_ws/install/turtlebot3_teleop:/home/notch/turtlebot3_ws/install/turtlebot3_example:/home/notch/turtlebot3_ws/install/py_pubsub:/home/notch/turtlebot3_ws/install/my_explorer:/home/notch/turtlebot3_ws/install/auto_nav:/home/notch/install/turtlebot3_teleop:/home/notch/install/turtlebot3_example:/home/notch/install/my_explorer:/home/notch/install/auto_nav:/opt/ros/humble /usr/bin/cmake --install /home/notch/turtlebot3_ws/src/m-explore-ros2/build/explore_lite_msgs
