[0.067s] DEBUG:colcon:Command line arguments: ['/usr/bin/colcon', 'build', '--packages-up-to', 'explore_lite', '--symlink-install']
[0.067s] DEBUG:colcon:Parsed command line arguments: Namespace(log_base=None, log_level=None, verb_name='build', build_base='build', install_base='install', merge_install=False, symlink_install=True, test_result_base=None, continue_on_error=False, executor='parallel', parallel_workers=18, event_handlers=None, ignore_user_meta=False, metas=['./colcon.meta'], base_paths=['.'], packages_ignore=None, packages_ignore_regex=None, paths=None, packages_up_to=['explore_lite'], packages_up_to_regex=None, packages_above=None, packages_above_and_dependencies=None, packages_above_depth=None, packages_select_by_dep=None, packages_skip_by_dep=None, packages_skip_up_to=None, packages_select_build_failed=False, packages_skip_build_finished=False, packages_select_test_failures=False, packages_skip_test_passed=False, packages_select=None, packages_skip=None, packages_select_regex=None, packages_skip_regex=None, packages_start=None, packages_end=None, allow_overriding=[], cmake_args=None, cmake_target=None, cmake_target_skip_unavailable=False, cmake_clean_cache=False, cmake_clean_first=False, cmake_force_configure=False, ament_cmake_args=None, catkin_cmake_args=None, catkin_skip_building_tests=False, mixin_files=None, mixin=None, verb_parser=<colcon_mixin.mixin.mixin_argument.MixinArgumentDecorator object at 0x79997e82a140>, verb_extension=<colcon_core.verb.build.BuildVerb object at 0x79997e829780>, main=<bound method BuildVerb.main of <colcon_core.verb.build.BuildVerb object at 0x79997e829780>>, mixin_verb=('build',))
[0.167s] Level 1:colcon.colcon_core.package_discovery:discover_packages(colcon_meta) check parameters
[0.167s] Level 1:colcon.colcon_core.package_discovery:discover_packages(recursive) check parameters
[0.167s] Level 1:colcon.colcon_core.package_discovery:discover_packages(ignore) check parameters
[0.167s] Level 1:colcon.colcon_core.package_discovery:discover_packages(path) check parameters
[0.167s] Level 1:colcon.colcon_core.package_discovery:discover_packages(colcon_meta) discover
[0.167s] Level 1:colcon.colcon_core.package_discovery:discover_packages(recursive) discover
[0.167s] INFO:colcon.colcon_core.package_discovery:Crawling recursively for packages in '/home/notch/turtlebot3_ws/src/m-explore-ros2'
[0.167s] Level 1:colcon.colcon_core.package_identification:_identify(.) by extensions ['ignore', 'ignore_ament_install']
[0.168s] Level 1:colcon.colcon_core.package_identification:_identify(.) by extension 'ignore'
[0.168s] Level 1:colcon.colcon_core.package_identification:_identify(.) by extension 'ignore_ament_install'
[0.168s] Level 1:colcon.colcon_core.package_identification:_identify(.) by extensions ['colcon_pkg']
[0.168s] Level 1:colcon.colcon_core.package_identification:_identify(.) by extension 'colcon_pkg'
[0.168s] Level 1:colcon.colcon_core.package_identification:_identify(.) by extensions ['colcon_meta']
[0.168s] Level 1:colcon.colcon_core.package_identification:_identify(.) by extension 'colcon_meta'
[0.168s] Level 1:colcon.colcon_core.package_identification:_identify(.) by extensions ['ros']
[0.168s] Level 1:colcon.colcon_core.package_identification:_identify(.) by extension 'ros'
[0.174s] Level 1:colcon.colcon_core.package_identification:_identify(.) by extensions ['cmake', 'python']
[0.174s] Level 1:colcon.colcon_core.package_identification:_identify(.) by extension 'cmake'
[0.174s] Level 1:colcon.colcon_core.package_identification:_identify(.) by extension 'python'
[0.174s] Level 1:colcon.colcon_core.package_identification:_identify(.) by extensions ['python_setup_py']
[0.174s] Level 1:colcon.colcon_core.package_identification:_identify(.) by extension 'python_setup_py'
[0.174s] Level 1:colcon.colcon_core.package_identification:_identify(build) by extensions ['ignore', 'ignore_ament_install']
[0.174s] Level 1:colcon.colcon_core.package_identification:_identify(build) by extension 'ignore'
[0.174s] Level 1:colcon.colcon_core.package_identification:_identify(build) ignored
[0.174s] Level 1:colcon.colcon_core.package_identification:_identify(explore) by extensions ['ignore', 'ignore_ament_install']
[0.174s] Level 1:colcon.colcon_core.package_identification:_identify(explore) by extension 'ignore'
[0.174s] Level 1:colcon.colcon_core.package_identification:_identify(explore) by extension 'ignore_ament_install'
[0.174s] Level 1:colcon.colcon_core.package_identification:_identify(explore) by extensions ['colcon_pkg']
[0.174s] Level 1:colcon.colcon_core.package_identification:_identify(explore) by extension 'colcon_pkg'
[0.174s] Level 1:colcon.colcon_core.package_identification:_identify(explore) by extensions ['colcon_meta']
[0.174s] Level 1:colcon.colcon_core.package_identification:_identify(explore) by extension 'colcon_meta'
[0.175s] Level 1:colcon.colcon_core.package_identification:_identify(explore) by extensions ['ros']
[0.175s] Level 1:colcon.colcon_core.package_identification:_identify(explore) by extension 'ros'
[0.176s] DEBUG:colcon.colcon_core.package_identification:Package 'explore' with type 'ros.ament_cmake' and name 'explore_lite'
[0.176s] Level 1:colcon.colcon_core.package_identification:_identify(explore_lite_msgs) by extensions ['ignore', 'ignore_ament_install']
[0.177s] Level 1:colcon.colcon_core.package_identification:_identify(explore_lite_msgs) by extension 'ignore'
[0.177s] Level 1:colcon.colcon_core.package_identification:_identify(explore_lite_msgs) by extension 'ignore_ament_install'
[0.177s] Level 1:colcon.colcon_core.package_identification:_identify(explore_lite_msgs) by extensions ['colcon_pkg']
[0.177s] Level 1:colcon.colcon_core.package_identification:_identify(explore_lite_msgs) by extension 'colcon_pkg'
[0.177s] Level 1:colcon.colcon_core.package_identification:_identify(explore_lite_msgs) by extensions ['colcon_meta']
[0.177s] Level 1:colcon.colcon_core.package_identification:_identify(explore_lite_msgs) by extension 'colcon_meta'
[0.177s] Level 1:colcon.colcon_core.package_identification:_identify(explore_lite_msgs) by extensions ['ros']
[0.177s] Level 1:colcon.colcon_core.package_identification:_identify(explore_lite_msgs) by extension 'ros'
[0.177s] DEBUG:colcon.colcon_core.package_identification:Package 'explore_lite_msgs' with type 'ros.ament_cmake' and name 'explore_lite_msgs'
[0.177s] Level 1:colcon.colcon_core.package_identification:_identify(install) by extensions ['ignore', 'ignore_ament_install']
[0.177s] Level 1:colcon.colcon_core.package_identification:_identify(install) by extension 'ignore'
[0.177s] Level 1:colcon.colcon_core.package_identification:_identify(install) ignored
[0.177s] Level 1:colcon.colcon_core.package_identification:_identify(log) by extensions ['ignore', 'ignore_ament_install']
[0.177s] Level 1:colcon.colcon_core.package_identification:_identify(log) by extension 'ignore'
[0.177s] Level 1:colcon.colcon_core.package_identification:_identify(log) ignored
[0.177s] Level 1:colcon.colcon_core.package_discovery:discover_packages(recursive) using defaults
[0.177s] Level 1:colcon.colcon_core.package_discovery:discover_packages(ignore) discover
[0.177s] Level 1:colcon.colcon_core.package_discovery:discover_packages(ignore) using defaults
[0.177s] Level 1:colcon.colcon_core.package_discovery:discover_packages(path) discover
[0.177s] Level 1:colcon.colcon_core.package_discovery:discover_packages(path) using defaults
[0.196s] Level 1:colcon.colcon_core.package_discovery:discover_packages(prefix_path) check parameters
[0.196s] Level 1:colcon.colcon_core.package_discovery:discover_packages(prefix_path) discover
[0.199s] DEBUG:colcon.colcon_installed_package_information.package_discovery:Found 35 installed packages in /home/notch/turtlebot3_ws/install
[0.199s] DEBUG:colcon.colcon_installed_package_information.package_discovery:Found 1 installed packages in /home/notch/turtlebot3_ws/src/install
[0.200s] DEBUG:colcon.colcon_installed_package_information.package_discovery:Found 28 installed packages in /home/notch/install
[0.201s] DEBUG:colcon.colcon_installed_package_information.package_discovery:Found 397 installed packages in /opt/ros/humble
[0.203s] Level 1:colcon.colcon_core.package_discovery:discover_packages(prefix_path) using defaults
[0.231s] Level 5:colcon.colcon_core.verb:set package 'explore_lite_msgs' build argument 'cmake_args' from command line to 'None'
[0.231s] Level 5:colcon.colcon_core.verb:set package 'explore_lite_msgs' build argument 'cmake_target' from command line to 'None'
[0.231s] Level 5:colcon.colcon_core.verb:set package 'explore_lite_msgs' build argument 'cmake_target_skip_unavailable' from command line to 'False'
[0.231s] Level 5:colcon.colcon_core.verb:set package 'explore_lite_msgs' build argument 'cmake_clean_cache' from command line to 'False'
[0.231s] Level 5:colcon.colcon_core.verb:set package 'explore_lite_msgs' build argument 'cmake_clean_first' from command line to 'False'
[0.232s] Level 5:colcon.colcon_core.verb:set package 'explore_lite_msgs' build argument 'cmake_force_configure' from command line to 'False'
[0.232s] Level 5:colcon.colcon_core.verb:set package 'explore_lite_msgs' build argument 'ament_cmake_args' from command line to 'None'
[0.232s] Level 5:colcon.colcon_core.verb:set package 'explore_lite_msgs' build argument 'catkin_cmake_args' from command line to 'None'
[0.232s] Level 5:colcon.colcon_core.verb:set package 'explore_lite_msgs' build argument 'catkin_skip_building_tests' from command line to 'False'
[0.232s] DEBUG:colcon.colcon_core.verb:Building package 'explore_lite_msgs' with the following arguments: {'ament_cmake_args': None, 'build_base': '/home/notch/turtlebot3_ws/src/m-explore-ros2/build/explore_lite_msgs', 'catkin_cmake_args': None, 'catkin_skip_building_tests': False, 'cmake_args': None, 'cmake_clean_cache': False, 'cmake_clean_first': False, 'cmake_force_configure': False, 'cmake_target': None, 'cmake_target_skip_unavailable': False, 'install_base': '/home/notch/turtlebot3_ws/src/m-explore-ros2/install/explore_lite_msgs', 'merge_install': False, 'path': '/home/notch/turtlebot3_ws/src/m-explore-ros2/explore_lite_msgs', 'symlink_install': True, 'test_result_base': None}
[0.232s] Level 5:colcon.colcon_core.verb:set package 'explore_lite' build argument 'cmake_args' from command line to 'None'
[0.232s] Level 5:colcon.colcon_core.verb:set package 'explore_lite' build argument 'cmake_target' from command line to 'None'
[0.232s] Level 5:colcon.colcon_core.verb:set package 'explore_lite' build argument 'cmake_target_skip_unavailable' from command line to 'False'
[0.232s] Level 5:colcon.colcon_core.verb:set package 'explore_lite' build argument 'cmake_clean_cache' from command line to 'False'
[0.232s] Level 5:colcon.colcon_core.verb:set package 'explore_lite' build argument 'cmake_clean_first' from command line to 'False'
[0.232s] Level 5:colcon.colcon_core.verb:set package 'explore_lite' build argument 'cmake_force_configure' from command line to 'False'
[0.232s] Level 5:colcon.colcon_core.verb:set package 'explore_lite' build argument 'ament_cmake_args' from command line to 'None'
[0.232s] Level 5:colcon.colcon_core.verb:set package 'explore_lite' build argument 'catkin_cmake_args' from command line to 'None'
[0.232s] Level 5:colcon.colcon_core.verb:set package 'explore_lite' build argument 'catkin_skip_building_tests' from command line to 'False'
[0.232s] DEBUG:colcon.colcon_core.verb:Building package 'explore_lite' with the following arguments: {'ament_cmake_args': None, 'build_base': '/home/notch/turtlebot3_ws/src/m-explore-ros2/build/explore_lite', 'catkin_cmake_args': None, 'catkin_skip_building_tests': False, 'cmake_args': None, 'cmake_clean_cache': False, 'cmake_clean_first': False, 'cmake_force_configure': False, 'cmake_target': None, 'cmake_target_skip_unavailable': False, 'install_base': '/home/notch/turtlebot3_ws/src/m-explore-ros2/install/explore_lite', 'merge_install': False, 'path': '/home/notch/turtlebot3_ws/src/m-explore-ros2/explore', 'symlink_install': True, 'test_result_base': None}
[0.232s] INFO:colcon.colcon_core.executor:Executing jobs using 'parallel' executor
[0.233s] DEBUG:colcon.colcon_parallel_executor.executor.parallel:run_until_complete
[0.233s] INFO:colcon.colcon_ros.task.ament_cmake.build:Building ROS package in '/home/notch/turtlebot3_ws/src/m-explore-ros2/explore_lite_msgs' with build type 'ament_cmake'
[0.233s] INFO:colcon.colcon_cmake.task.cmake.build:Building CMake package in '/home/notch/turtlebot3_ws/src/m-explore-ros2/explore_lite_msgs'
[0.235s] INFO:colcon.colcon_core.plugin_system:Skipping extension 'colcon_core.shell.bat': Not used on non-Windows systems
[0.235s] INFO:colcon.colcon_core.shell:Skip shell extension 'powershell' for command environment: Not usable outside of PowerShell
[0.235s] DEBUG:colcon.colcon_core.shell:Skip shell extension 'dsv' for command environment
[0.244s] DEBUG:colcon.colcon_core.event_handler.log_command:Invoking command in '/home/notch/turtlebot3_ws/src/m-explore-ros2/build/explore_lite_msgs': CMAKE_PREFIX_PATH=${CMAKE_PREFIX_PATH}:/home/notch/turtlebot3_ws/install/turtlebot3_teleop:/home/notch/turtlebot3_ws/install/turtlebot3_example:/home/notch/turtlebot3_ws/install/py_pubsub:/home/notch/turtlebot3_ws/install/my_explorer:/home/notch/turtlebot3_ws/install/auto_nav:/home/notch/install/turtlebot3_teleop:/home/notch/install/turtlebot3_example:/home/notch/install/my_explorer:/home/notch/install/auto_nav:/opt/ros/humble /usr/bin/cmake /home/notch/turtlebot3_ws/src/m-explore-ros2/explore_lite_msgs -DAMENT_CMAKE_SYMLINK_INSTALL=1 -DCMAKE_INSTALL_PREFIX=/home/notch/turtlebot3_ws/src/m-explore-ros2/install/explore_lite_msgs
[1.502s] DEBUG:colcon.colcon_core.event_handler.log_command:Invoked command in '/home/notch/turtlebot3_ws/src/m-explore-ros2/build/explore_lite_msgs' returned '0': CMAKE_PREFIX_PATH=${CMAKE_PREFIX_PATH}:/home/notch/turtlebot3_ws/install/turtlebot3_teleop:/home/notch/turtlebot3_ws/install/turtlebot3_example:/home/notch/turtlebot3_ws/install/py_pubsub:/home/notch/turtlebot3_ws/install/my_explorer:/home/notch/turtlebot3_ws/install/auto_nav:/home/notch/install/turtlebot3_teleop:/home/notch/install/turtlebot3_example:/home/notch/install/my_explorer:/home/notch/install/auto_nav:/opt/ros/humble /usr/bin/cmake /home/notch/turtlebot3_ws/src/m-explore-ros2/explore_lite_msgs -DAMENT_CMAKE_SYMLINK_INSTALL=1 -DCMAKE_INSTALL_PREFIX=/home/notch/turtlebot3_ws/src/m-explore-ros2/install/explore_lite_msgs
[1.503s] DEBUG:colcon.colcon_core.event_handler.log_command:Invoking command in '/home/notch/turtlebot3_ws/src/m-explore-ros2/build/explore_lite_msgs': CMAKE_PREFIX_PATH=${CMAKE_PREFIX_PATH}:/home/notch/turtlebot3_ws/install/turtlebot3_teleop:/home/notch/turtlebot3_ws/install/turtlebot3_example:/home/notch/turtlebot3_ws/install/py_pubsub:/home/notch/turtlebot3_ws/install/my_explorer:/home/notch/turtlebot3_ws/install/auto_nav:/home/notch/install/turtlebot3_teleop:/home/notch/install/turtlebot3_example:/home/notch/install/my_explorer:/home/notch/install/auto_nav:/opt/ros/humble /usr/bin/cmake --build /home/notch/turtlebot3_ws/src/m-explore-ros2/build/explore_lite_msgs -- -j18 -l18
[2.923s] DEBUG:colcon.colcon_core.event_handler.log_command:Invoked command in '/home/notch/turtlebot3_ws/src/m-explore-ros2/build/explore_lite_msgs' returned '0': CMAKE_PREFIX_PATH=${CMAKE_PREFIX_PATH}:/home/notch/turtlebot3_ws/install/turtlebot3_teleop:/home/notch/turtlebot3_ws/install/turtlebot3_example:/home/notch/turtlebot3_ws/install/py_pubsub:/home/notch/turtlebot3_ws/install/my_explorer:/home/notch/turtlebot3_ws/install/auto_nav:/home/notch/install/turtlebot3_teleop:/home/notch/install/turtlebot3_example:/home/notch/install/my_explorer:/home/notch/install/auto_nav:/opt/ros/humble /usr/bin/cmake --build /home/notch/turtlebot3_ws/src/m-explore-ros2/build/explore_lite_msgs -- -j18 -l18
[2.932s] DEBUG:colcon.colcon_core.event_handler.log_command:Invoking command in '/home/notch/turtlebot3_ws/src/m-explore-ros2/build/explore_lite_msgs': CMAKE_PREFIX_PATH=${CMAKE_PREFIX_PATH}:/home/notch/turtlebot3_ws/install/turtlebot3_teleop:/home/notch/turtlebot3_ws/install/turtlebot3_example:/home/notch/turtlebot3_ws/install/py_pubsub:/home/notch/turtlebot3_ws/install/my_explorer:/home/notch/turtlebot3_ws/install/auto_nav:/home/notch/install/turtlebot3_teleop:/home/notch/install/turtlebot3_example:/home/notch/install/my_explorer:/home/notch/install/auto_nav:/opt/ros/humble /usr/bin/cmake --install /home/notch/turtlebot3_ws/src/m-explore-ros2/build/explore_lite_msgs
[3.354s] Level 1:colcon.colcon_core.environment:create_environment_scripts_only(explore_lite_msgs)
[3.354s] DEBUG:colcon.colcon_core.event_handler.log_command:Invoked command in '/home/notch/turtlebot3_ws/src/m-explore-ros2/build/explore_lite_msgs' returned '0': CMAKE_PREFIX_PATH=${CMAKE_PREFIX_PATH}:/home/notch/turtlebot3_ws/install/turtlebot3_teleop:/home/notch/turtlebot3_ws/install/turtlebot3_example:/home/notch/turtlebot3_ws/install/py_pubsub:/home/notch/turtlebot3_ws/install/my_explorer:/home/notch/turtlebot3_ws/install/auto_nav:/home/notch/install/turtlebot3_teleop:/home/notch/install/turtlebot3_example:/home/notch/install/my_explorer:/home/notch/install/auto_nav:/opt/ros/humble /usr/bin/cmake --install /home/notch/turtlebot3_ws/src/m-explore-ros2/build/explore_lite_msgs
[3.356s] Level 1:colcon.colcon_core.environment:checking '/home/notch/turtlebot3_ws/src/m-explore-ros2/install/explore_lite_msgs' for CMake module files
[3.357s] Level 1:colcon.colcon_core.environment:checking '/home/notch/turtlebot3_ws/src/m-explore-ros2/install/explore_lite_msgs' for CMake config files
[3.357s] Level 1:colcon.colcon_core.shell:create_environment_hook('explore_lite_msgs', 'cmake_prefix_path')
[3.358s] INFO:colcon.colcon_core.shell:Creating environment hook '/home/notch/turtlebot3_ws/src/m-explore-ros2/install/explore_lite_msgs/share/explore_lite_msgs/hook/cmake_prefix_path.ps1'
[3.358s] INFO:colcon.colcon_core.shell:Creating environment descriptor '/home/notch/turtlebot3_ws/src/m-explore-ros2/install/explore_lite_msgs/share/explore_lite_msgs/hook/cmake_prefix_path.dsv'
[3.358s] INFO:colcon.colcon_core.shell:Creating environment hook '/home/notch/turtlebot3_ws/src/m-explore-ros2/install/explore_lite_msgs/share/explore_lite_msgs/hook/cmake_prefix_path.sh'
[3.359s] Level 1:colcon.colcon_core.environment:checking '/home/notch/turtlebot3_ws/src/m-explore-ros2/install/explore_lite_msgs/lib'
[3.359s] Level 1:colcon.colcon_core.shell:create_environment_hook('explore_lite_msgs', 'ld_library_path_lib')
[3.359s] INFO:colcon.colcon_core.shell:Creating environment hook '/home/notch/turtlebot3_ws/src/m-explore-ros2/install/explore_lite_msgs/share/explore_lite_msgs/hook/ld_library_path_lib.ps1'
[3.359s] INFO:colcon.colcon_core.shell:Creating environment descriptor '/home/notch/turtlebot3_ws/src/m-explore-ros2/install/explore_lite_msgs/share/explore_lite_msgs/hook/ld_library_path_lib.dsv'
[3.360s] INFO:colcon.colcon_core.shell:Creating environment hook '/home/notch/turtlebot3_ws/src/m-explore-ros2/install/explore_lite_msgs/share/explore_lite_msgs/hook/ld_library_path_lib.sh'
[3.360s] Level 1:colcon.colcon_core.environment:checking '/home/notch/turtlebot3_ws/src/m-explore-ros2/install/explore_lite_msgs/bin'
[3.360s] Level 1:colcon.colcon_core.environment:checking '/home/notch/turtlebot3_ws/src/m-explore-ros2/install/explore_lite_msgs/lib/pkgconfig/explore_lite_msgs.pc'
[3.360s] Level 1:colcon.colcon_core.environment:checking '/home/notch/turtlebot3_ws/src/m-explore-ros2/install/explore_lite_msgs/lib/python3.10/site-packages'
[3.360s] Level 1:colcon.colcon_core.environment:checking '/home/notch/turtlebot3_ws/src/m-explore-ros2/install/explore_lite_msgs/bin'
[3.360s] INFO:colcon.colcon_core.shell:Creating package script '/home/notch/turtlebot3_ws/src/m-explore-ros2/install/explore_lite_msgs/share/explore_lite_msgs/package.ps1'
[3.361s] INFO:colcon.colcon_core.shell:Creating package descriptor '/home/notch/turtlebot3_ws/src/m-explore-ros2/install/explore_lite_msgs/share/explore_lite_msgs/package.dsv'
[3.361s] INFO:colcon.colcon_core.shell:Creating package script '/home/notch/turtlebot3_ws/src/m-explore-ros2/install/explore_lite_msgs/share/explore_lite_msgs/package.sh'
[3.361s] INFO:colcon.colcon_core.shell:Creating package script '/home/notch/turtlebot3_ws/src/m-explore-ros2/install/explore_lite_msgs/share/explore_lite_msgs/package.bash'
[3.362s] INFO:colcon.colcon_core.shell:Creating package script '/home/notch/turtlebot3_ws/src/m-explore-ros2/install/explore_lite_msgs/share/explore_lite_msgs/package.zsh'
[3.362s] Level 1:colcon.colcon_core.environment:create_file_with_runtime_dependencies(/home/notch/turtlebot3_ws/src/m-explore-ros2/install/explore_lite_msgs/share/colcon-core/packages/explore_lite_msgs)
[3.362s] Level 1:colcon.colcon_core.environment:create_environment_scripts_only(explore_lite_msgs)
[3.362s] Level 1:colcon.colcon_core.environment:checking '/home/notch/turtlebot3_ws/src/m-explore-ros2/install/explore_lite_msgs' for CMake module files
[3.363s] Level 1:colcon.colcon_core.environment:checking '/home/notch/turtlebot3_ws/src/m-explore-ros2/install/explore_lite_msgs' for CMake config files
[3.363s] Level 1:colcon.colcon_core.shell:create_environment_hook('explore_lite_msgs', 'cmake_prefix_path')
[3.363s] INFO:colcon.colcon_core.shell:Creating environment hook '/home/notch/turtlebot3_ws/src/m-explore-ros2/install/explore_lite_msgs/share/explore_lite_msgs/hook/cmake_prefix_path.ps1'
[3.363s] INFO:colcon.colcon_core.shell:Creating environment descriptor '/home/notch/turtlebot3_ws/src/m-explore-ros2/install/explore_lite_msgs/share/explore_lite_msgs/hook/cmake_prefix_path.dsv'
[3.364s] INFO:colcon.colcon_core.shell:Creating environment hook '/home/notch/turtlebot3_ws/src/m-explore-ros2/install/explore_lite_msgs/share/explore_lite_msgs/hook/cmake_prefix_path.sh'
[3.364s] Level 1:colcon.colcon_core.environment:checking '/home/notch/turtlebot3_ws/src/m-explore-ros2/install/explore_lite_msgs/lib'
[3.364s] Level 1:colcon.colcon_core.shell:create_environment_hook('explore_lite_msgs', 'ld_library_path_lib')
[3.364s] INFO:colcon.colcon_core.shell:Creating environment hook '/home/notch/turtlebot3_ws/src/m-explore-ros2/install/explore_lite_msgs/share/explore_lite_msgs/hook/ld_library_path_lib.ps1'
[3.364s] INFO:colcon.colcon_core.shell:Creating environment descriptor '/home/notch/turtlebot3_ws/src/m-explore-ros2/install/explore_lite_msgs/share/explore_lite_msgs/hook/ld_library_path_lib.dsv'
[3.364s] INFO:colcon.colcon_core.shell:Creating environment hook '/home/notch/turtlebot3_ws/src/m-explore-ros2/install/explore_lite_msgs/share/explore_lite_msgs/hook/ld_library_path_lib.sh'
[3.364s] Level 1:colcon.colcon_core.environment:checking '/home/notch/turtlebot3_ws/src/m-explore-ros2/install/explore_lite_msgs/bin'
[3.365s] Level 1:colcon.colcon_core.environment:checking '/home/notch/turtlebot3_ws/src/m-explore-ros2/install/explore_lite_msgs/lib/pkgconfig/explore_lite_msgs.pc'
[3.365s] Level 1:colcon.colcon_core.environment:checking '/home/notch/turtlebot3_ws/src/m-explore-ros2/install/explore_lite_msgs/lib/python3.10/site-packages'
[3.365s] Level 1:colcon.colcon_core.environment:checking '/home/notch/turtlebot3_ws/src/m-explore-ros2/install/explore_lite_msgs/bin'
[3.365s] INFO:colcon.colcon_core.shell:Creating package script '/home/notch/turtlebot3_ws/src/m-explore-ros2/install/explore_lite_msgs/share/explore_lite_msgs/package.ps1'
[3.365s] INFO:colcon.colcon_core.shell:Creating package descriptor '/home/notch/turtlebot3_ws/src/m-explore-ros2/install/explore_lite_msgs/share/explore_lite_msgs/package.dsv'
[3.366s] INFO:colcon.colcon_core.shell:Creating package script '/home/notch/turtlebot3_ws/src/m-explore-ros2/install/explore_lite_msgs/share/explore_lite_msgs/package.sh'
[3.366s] INFO:colcon.colcon_core.shell:Creating package script '/home/notch/turtlebot3_ws/src/m-explore-ros2/install/explore_lite_msgs/share/explore_lite_msgs/package.bash'
[3.366s] INFO:colcon.colcon_core.shell:Creating package script '/home/notch/turtlebot3_ws/src/m-explore-ros2/install/explore_lite_msgs/share/explore_lite_msgs/package.zsh'
[3.366s] Level 1:colcon.colcon_core.environment:create_file_with_runtime_dependencies(/home/notch/turtlebot3_ws/src/m-explore-ros2/install/explore_lite_msgs/share/colcon-core/packages/explore_lite_msgs)
[3.367s] INFO:colcon.colcon_ros.task.ament_cmake.build:Building ROS package in '/home/notch/turtlebot3_ws/src/m-explore-ros2/explore' with build type 'ament_cmake'
[3.367s] INFO:colcon.colcon_cmake.task.cmake.build:Building CMake package in '/home/notch/turtlebot3_ws/src/m-explore-ros2/explore'
[3.367s] INFO:colcon.colcon_core.shell:Skip shell extension 'powershell' for command environment: Not usable outside of PowerShell
[3.367s] DEBUG:colcon.colcon_core.shell:Skip shell extension 'dsv' for command environment
[3.378s] DEBUG:colcon.colcon_core.event_handler.log_command:Invoking command in '/home/notch/turtlebot3_ws/src/m-explore-ros2/build/explore_lite': AMENT_PREFIX_PATH=/home/notch/turtlebot3_ws/src/m-explore-ros2/install/explore_lite_msgs:${AMENT_PREFIX_PATH} CMAKE_PREFIX_PATH=/home/notch/turtlebot3_ws/src/m-explore-ros2/install/explore_lite_msgs:/home/notch/turtlebot3_ws/install/turtlebot3:/home/notch/turtlebot3_ws/install/turtlebot3_simulations:/home/notch/turtlebot3_ws/install/turtlebot3_bringup:/home/notch/turtlebot3_ws/install/turtlebot3_node:/home/notch/turtlebot3_ws/install/turtlebot3_navigation2:/home/notch/turtlebot3_ws/install/turtlebot3_fake_node:/home/notch/turtlebot3_ws/install/turtlebot3_msgs:/home/notch/turtlebot3_ws/install/turtlebot3_manipulation_gazebo:/home/notch/turtlebot3_ws/install/turtlebot3_gazebo:/home/notch/turtlebot3_ws/install/turtlebot3_description:/home/notch/turtlebot3_ws/install/turtlebot3_cartographer:/home/notch/turtlebot3_ws/install/test_ros_gz_bridge:/home/notch/turtlebot3_ws/install/ros_ign_interfaces:/home/notch/turtlebot3_ws/install/ros_ign:/home/notch/turtlebot3_ws/install/ros_ign_image:/home/notch/turtlebot3_ws/install/ros_ign_gazebo_demos:/home/notch/turtlebot3_ws/install/ros_ign_gazebo:/home/notch/turtlebot3_ws/install/ros_ign_bridge:/home/notch/turtlebot3_ws/install/ros_gz:/home/notch/turtlebot3_ws/install/ros_gz_sim_demos:/home/notch/turtlebot3_ws/install/ros_gz_sim:/home/notch/turtlebot3_ws/install/ros_gz_image:/home/notch/turtlebot3_ws/install/ros_gz_bridge:/home/notch/turtlebot3_ws/install/ros_gz_interfaces:/home/notch/turtlebot3_ws/install/multirobot_map_merge:/home/notch/turtlebot3_ws/install/explore_lite:/home/notch/turtlebot3_ws/install/explore_lite_msgs:/home/notch/turtlebot3_ws/install/dynamixel_sdk_examples:/home/notch/turtlebot3_ws/install/dynamixel_sdk_custom_interfaces:/home/notch/turtlebot3_ws/install/dynamixel_sdk:/home/notch/turtlebot3_ws/src/install/explore_lite:/home/notch/install/turtlebot3:/home/notch/install/turtlebot3_bringup:/home/notch/install/turtlebot3_node:/home/notch/install/turtlebot3_navigation2:/home/notch/install/turtlebot3_msgs:/home/notch/install/turtlebot3_description:/home/notch/install/turtlebot3_cartographer:/home/notch/install/test_ros_gz_bridge:/home/notch/install/ros_ign_interfaces:/home/notch/install/ros_ign:/home/notch/install/ros_ign_image:/home/notch/install/ros_ign_gazebo_demos:/home/notch/install/ros_ign_gazebo:/home/notch/install/ros_ign_bridge:/home/notch/install/ros_gz:/home/notch/install/ros_gz_sim_demos:/home/notch/install/ros_gz_sim:/home/notch/install/ros_gz_image:/home/notch/install/ros_gz_bridge:/home/notch/install/ros_gz_interfaces:/home/notch/install/explore_lite:/home/notch/install/dynamixel_sdk_examples:/home/notch/install/dynamixel_sdk_custom_interfaces:/home/notch/install/dynamixel_sdk:/home/notch/turtlebot3_ws/install/turtlebot3_teleop:/home/notch/turtlebot3_ws/install/turtlebot3_example:/home/notch/turtlebot3_ws/install/py_pubsub:/home/notch/turtlebot3_ws/install/my_explorer:/home/notch/turtlebot3_ws/install/auto_nav:/home/notch/install/turtlebot3_teleop:/home/notch/install/turtlebot3_example:/home/notch/install/my_explorer:/home/notch/install/auto_nav:/opt/ros/humble LD_LIBRARY_PATH=/home/notch/turtlebot3_ws/src/m-explore-ros2/install/explore_lite_msgs/lib:/home/notch/turtlebot3_ws/install/turtlebot3_msgs/lib:/home/notch/turtlebot3_ws/install/ros_ign_interfaces/lib:/home/notch/turtlebot3_ws/install/ros_gz_sim/lib:/home/notch/turtlebot3_ws/install/ros_gz_bridge/lib:/home/notch/turtlebot3_ws/install/ros_gz_interfaces/lib:/home/notch/turtlebot3_ws/install/multirobot_map_merge/lib:/home/notch/turtlebot3_ws/install/explore_lite_msgs/lib:/home/notch/turtlebot3_ws/install/dynamixel_sdk_custom_interfaces/lib:/home/notch/turtlebot3_ws/install/dynamixel_sdk/lib:/home/notch/install/turtlebot3_msgs/lib:/home/notch/install/ros_ign_interfaces/lib:/home/notch/install/ros_gz_sim/lib:/home/notch/install/ros_gz_bridge/lib:/home/notch/install/ros_gz_interfaces/lib:/home/notch/install/dynamixel_sdk_custom_interfaces/lib:/home/notch/install/dynamixel_sdk/lib:/opt/ros/humble/opt/rviz_ogre_vendor/lib:/opt/ros/humble/lib/x86_64-linux-gnu:/opt/ros/humble/lib:/usr/lib/x86_64-linux-gnu/gazebo-11/plugins:/usr/lib/x86_64-linux-gnu/gazebo-11/plugins:/usr/lib/x86_64-linux-gnu/gazebo-11/plugins PYTHONPATH=/home/notch/turtlebot3_ws/src/m-explore-ros2/install/explore_lite_msgs/local/lib/python3.10/dist-packages:${PYTHONPATH} /usr/bin/cmake /home/notch/turtlebot3_ws/src/m-explore-ros2/explore -DAMENT_CMAKE_SYMLINK_INSTALL=1 -DCMAKE_INSTALL_PREFIX=/home/notch/turtlebot3_ws/src/m-explore-ros2/install/explore_lite
[4.700s] DEBUG:colcon.colcon_core.event_handler.log_command:Invoked command in '/home/notch/turtlebot3_ws/src/m-explore-ros2/build/explore_lite' returned '0': AMENT_PREFIX_PATH=/home/notch/turtlebot3_ws/src/m-explore-ros2/install/explore_lite_msgs:${AMENT_PREFIX_PATH} CMAKE_PREFIX_PATH=/home/notch/turtlebot3_ws/src/m-explore-ros2/install/explore_lite_msgs:/home/notch/turtlebot3_ws/install/turtlebot3:/home/notch/turtlebot3_ws/install/turtlebot3_simulations:/home/notch/turtlebot3_ws/install/turtlebot3_bringup:/home/notch/turtlebot3_ws/install/turtlebot3_node:/home/notch/turtlebot3_ws/install/turtlebot3_navigation2:/home/notch/turtlebot3_ws/install/turtlebot3_fake_node:/home/notch/turtlebot3_ws/install/turtlebot3_msgs:/home/notch/turtlebot3_ws/install/turtlebot3_manipulation_gazebo:/home/notch/turtlebot3_ws/install/turtlebot3_gazebo:/home/notch/turtlebot3_ws/install/turtlebot3_description:/home/notch/turtlebot3_ws/install/turtlebot3_cartographer:/home/notch/turtlebot3_ws/install/test_ros_gz_bridge:/home/notch/turtlebot3_ws/install/ros_ign_interfaces:/home/notch/turtlebot3_ws/install/ros_ign:/home/notch/turtlebot3_ws/install/ros_ign_image:/home/notch/turtlebot3_ws/install/ros_ign_gazebo_demos:/home/notch/turtlebot3_ws/install/ros_ign_gazebo:/home/notch/turtlebot3_ws/install/ros_ign_bridge:/home/notch/turtlebot3_ws/install/ros_gz:/home/notch/turtlebot3_ws/install/ros_gz_sim_demos:/home/notch/turtlebot3_ws/install/ros_gz_sim:/home/notch/turtlebot3_ws/install/ros_gz_image:/home/notch/turtlebot3_ws/install/ros_gz_bridge:/home/notch/turtlebot3_ws/install/ros_gz_interfaces:/home/notch/turtlebot3_ws/install/multirobot_map_merge:/home/notch/turtlebot3_ws/install/explore_lite:/home/notch/turtlebot3_ws/install/explore_lite_msgs:/home/notch/turtlebot3_ws/install/dynamixel_sdk_examples:/home/notch/turtlebot3_ws/install/dynamixel_sdk_custom_interfaces:/home/notch/turtlebot3_ws/install/dynamixel_sdk:/home/notch/turtlebot3_ws/src/install/explore_lite:/home/notch/install/turtlebot3:/home/notch/install/turtlebot3_bringup:/home/notch/install/turtlebot3_node:/home/notch/install/turtlebot3_navigation2:/home/notch/install/turtlebot3_msgs:/home/notch/install/turtlebot3_description:/home/notch/install/turtlebot3_cartographer:/home/notch/install/test_ros_gz_bridge:/home/notch/install/ros_ign_interfaces:/home/notch/install/ros_ign:/home/notch/install/ros_ign_image:/home/notch/install/ros_ign_gazebo_demos:/home/notch/install/ros_ign_gazebo:/home/notch/install/ros_ign_bridge:/home/notch/install/ros_gz:/home/notch/install/ros_gz_sim_demos:/home/notch/install/ros_gz_sim:/home/notch/install/ros_gz_image:/home/notch/install/ros_gz_bridge:/home/notch/install/ros_gz_interfaces:/home/notch/install/explore_lite:/home/notch/install/dynamixel_sdk_examples:/home/notch/install/dynamixel_sdk_custom_interfaces:/home/notch/install/dynamixel_sdk:/home/notch/turtlebot3_ws/install/turtlebot3_teleop:/home/notch/turtlebot3_ws/install/turtlebot3_example:/home/notch/turtlebot3_ws/install/py_pubsub:/home/notch/turtlebot3_ws/install/my_explorer:/home/notch/turtlebot3_ws/install/auto_nav:/home/notch/install/turtlebot3_teleop:/home/notch/install/turtlebot3_example:/home/notch/install/my_explorer:/home/notch/install/auto_nav:/opt/ros/humble LD_LIBRARY_PATH=/home/notch/turtlebot3_ws/src/m-explore-ros2/install/explore_lite_msgs/lib:/home/notch/turtlebot3_ws/install/turtlebot3_msgs/lib:/home/notch/turtlebot3_ws/install/ros_ign_interfaces/lib:/home/notch/turtlebot3_ws/install/ros_gz_sim/lib:/home/notch/turtlebot3_ws/install/ros_gz_bridge/lib:/home/notch/turtlebot3_ws/install/ros_gz_interfaces/lib:/home/notch/turtlebot3_ws/install/multirobot_map_merge/lib:/home/notch/turtlebot3_ws/install/explore_lite_msgs/lib:/home/notch/turtlebot3_ws/install/dynamixel_sdk_custom_interfaces/lib:/home/notch/turtlebot3_ws/install/dynamixel_sdk/lib:/home/notch/install/turtlebot3_msgs/lib:/home/notch/install/ros_ign_interfaces/lib:/home/notch/install/ros_gz_sim/lib:/home/notch/install/ros_gz_bridge/lib:/home/notch/install/ros_gz_interfaces/lib:/home/notch/install/dynamixel_sdk_custom_interfaces/lib:/home/notch/install/dynamixel_sdk/lib:/opt/ros/humble/opt/rviz_ogre_vendor/lib:/opt/ros/humble/lib/x86_64-linux-gnu:/opt/ros/humble/lib:/usr/lib/x86_64-linux-gnu/gazebo-11/plugins:/usr/lib/x86_64-linux-gnu/gazebo-11/plugins:/usr/lib/x86_64-linux-gnu/gazebo-11/plugins PYTHONPATH=/home/notch/turtlebot3_ws/src/m-explore-ros2/install/explore_lite_msgs/local/lib/python3.10/dist-packages:${PYTHONPATH} /usr/bin/cmake /home/notch/turtlebot3_ws/src/m-explore-ros2/explore -DAMENT_CMAKE_SYMLINK_INSTALL=1 -DCMAKE_INSTALL_PREFIX=/home/notch/turtlebot3_ws/src/m-explore-ros2/install/explore_lite
[4.700s] DEBUG:colcon.colcon_core.event_handler.log_command:Invoking command in '/home/notch/turtlebot3_ws/src/m-explore-ros2/build/explore_lite': AMENT_PREFIX_PATH=/home/notch/turtlebot3_ws/src/m-explore-ros2/install/explore_lite_msgs:${AMENT_PREFIX_PATH} CMAKE_PREFIX_PATH=/home/notch/turtlebot3_ws/src/m-explore-ros2/install/explore_lite_msgs:/home/notch/turtlebot3_ws/install/turtlebot3:/home/notch/turtlebot3_ws/install/turtlebot3_simulations:/home/notch/turtlebot3_ws/install/turtlebot3_bringup:/home/notch/turtlebot3_ws/install/turtlebot3_node:/home/notch/turtlebot3_ws/install/turtlebot3_navigation2:/home/notch/turtlebot3_ws/install/turtlebot3_fake_node:/home/notch/turtlebot3_ws/install/turtlebot3_msgs:/home/notch/turtlebot3_ws/install/turtlebot3_manipulation_gazebo:/home/notch/turtlebot3_ws/install/turtlebot3_gazebo:/home/notch/turtlebot3_ws/install/turtlebot3_description:/home/notch/turtlebot3_ws/install/turtlebot3_cartographer:/home/notch/turtlebot3_ws/install/test_ros_gz_bridge:/home/notch/turtlebot3_ws/install/ros_ign_interfaces:/home/notch/turtlebot3_ws/install/ros_ign:/home/notch/turtlebot3_ws/install/ros_ign_image:/home/notch/turtlebot3_ws/install/ros_ign_gazebo_demos:/home/notch/turtlebot3_ws/install/ros_ign_gazebo:/home/notch/turtlebot3_ws/install/ros_ign_bridge:/home/notch/turtlebot3_ws/install/ros_gz:/home/notch/turtlebot3_ws/install/ros_gz_sim_demos:/home/notch/turtlebot3_ws/install/ros_gz_sim:/home/notch/turtlebot3_ws/install/ros_gz_image:/home/notch/turtlebot3_ws/install/ros_gz_bridge:/home/notch/turtlebot3_ws/install/ros_gz_interfaces:/home/notch/turtlebot3_ws/install/multirobot_map_merge:/home/notch/turtlebot3_ws/install/explore_lite:/home/notch/turtlebot3_ws/install/explore_lite_msgs:/home/notch/turtlebot3_ws/install/dynamixel_sdk_examples:/home/notch/turtlebot3_ws/install/dynamixel_sdk_custom_interfaces:/home/notch/turtlebot3_ws/install/dynamixel_sdk:/home/notch/turtlebot3_ws/src/install/explore_lite:/home/notch/install/turtlebot3:/home/notch/install/turtlebot3_bringup:/home/notch/install/turtlebot3_node:/home/notch/install/turtlebot3_navigation2:/home/notch/install/turtlebot3_msgs:/home/notch/install/turtlebot3_description:/home/notch/install/turtlebot3_cartographer:/home/notch/install/test_ros_gz_bridge:/home/notch/install/ros_ign_interfaces:/home/notch/install/ros_ign:/home/notch/install/ros_ign_image:/home/notch/install/ros_ign_gazebo_demos:/home/notch/install/ros_ign_gazebo:/home/notch/install/ros_ign_bridge:/home/notch/install/ros_gz:/home/notch/install/ros_gz_sim_demos:/home/notch/install/ros_gz_sim:/home/notch/install/ros_gz_image:/home/notch/install/ros_gz_bridge:/home/notch/install/ros_gz_interfaces:/home/notch/install/explore_lite:/home/notch/install/dynamixel_sdk_examples:/home/notch/install/dynamixel_sdk_custom_interfaces:/home/notch/install/dynamixel_sdk:/home/notch/turtlebot3_ws/install/turtlebot3_teleop:/home/notch/turtlebot3_ws/install/turtlebot3_example:/home/notch/turtlebot3_ws/install/py_pubsub:/home/notch/turtlebot3_ws/install/my_explorer:/home/notch/turtlebot3_ws/install/auto_nav:/home/notch/install/turtlebot3_teleop:/home/notch/install/turtlebot3_example:/home/notch/install/my_explorer:/home/notch/install/auto_nav:/opt/ros/humble LD_LIBRARY_PATH=/home/notch/turtlebot3_ws/src/m-explore-ros2/install/explore_lite_msgs/lib:/home/notch/turtlebot3_ws/install/turtlebot3_msgs/lib:/home/notch/turtlebot3_ws/install/ros_ign_interfaces/lib:/home/notch/turtlebot3_ws/install/ros_gz_sim/lib:/home/notch/turtlebot3_ws/install/ros_gz_bridge/lib:/home/notch/turtlebot3_ws/install/ros_gz_interfaces/lib:/home/notch/turtlebot3_ws/install/multirobot_map_merge/lib:/home/notch/turtlebot3_ws/install/explore_lite_msgs/lib:/home/notch/turtlebot3_ws/install/dynamixel_sdk_custom_interfaces/lib:/home/notch/turtlebot3_ws/install/dynamixel_sdk/lib:/home/notch/install/turtlebot3_msgs/lib:/home/notch/install/ros_ign_interfaces/lib:/home/notch/install/ros_gz_sim/lib:/home/notch/install/ros_gz_bridge/lib:/home/notch/install/ros_gz_interfaces/lib:/home/notch/install/dynamixel_sdk_custom_interfaces/lib:/home/notch/install/dynamixel_sdk/lib:/opt/ros/humble/opt/rviz_ogre_vendor/lib:/opt/ros/humble/lib/x86_64-linux-gnu:/opt/ros/humble/lib:/usr/lib/x86_64-linux-gnu/gazebo-11/plugins:/usr/lib/x86_64-linux-gnu/gazebo-11/plugins:/usr/lib/x86_64-linux-gnu/gazebo-11/plugins PYTHONPATH=/home/notch/turtlebot3_ws/src/m-explore-ros2/install/explore_lite_msgs/local/lib/python3.10/dist-packages:${PYTHONPATH} /usr/bin/cmake --build /home/notch/turtlebot3_ws/src/m-explore-ros2/build/explore_lite -- -j18 -l18
[14.496s] DEBUG:colcon.colcon_core.event_handler.log_command:Invoked command in '/home/notch/turtlebot3_ws/src/m-explore-ros2/build/explore_lite' returned '0': AMENT_PREFIX_PATH=/home/notch/turtlebot3_ws/src/m-explore-ros2/install/explore_lite_msgs:${AMENT_PREFIX_PATH} CMAKE_PREFIX_PATH=/home/notch/turtlebot3_ws/src/m-explore-ros2/install/explore_lite_msgs:/home/notch/turtlebot3_ws/install/turtlebot3:/home/notch/turtlebot3_ws/install/turtlebot3_simulations:/home/notch/turtlebot3_ws/install/turtlebot3_bringup:/home/notch/turtlebot3_ws/install/turtlebot3_node:/home/notch/turtlebot3_ws/install/turtlebot3_navigation2:/home/notch/turtlebot3_ws/install/turtlebot3_fake_node:/home/notch/turtlebot3_ws/install/turtlebot3_msgs:/home/notch/turtlebot3_ws/install/turtlebot3_manipulation_gazebo:/home/notch/turtlebot3_ws/install/turtlebot3_gazebo:/home/notch/turtlebot3_ws/install/turtlebot3_description:/home/notch/turtlebot3_ws/install/turtlebot3_cartographer:/home/notch/turtlebot3_ws/install/test_ros_gz_bridge:/home/notch/turtlebot3_ws/install/ros_ign_interfaces:/home/notch/turtlebot3_ws/install/ros_ign:/home/notch/turtlebot3_ws/install/ros_ign_image:/home/notch/turtlebot3_ws/install/ros_ign_gazebo_demos:/home/notch/turtlebot3_ws/install/ros_ign_gazebo:/home/notch/turtlebot3_ws/install/ros_ign_bridge:/home/notch/turtlebot3_ws/install/ros_gz:/home/notch/turtlebot3_ws/install/ros_gz_sim_demos:/home/notch/turtlebot3_ws/install/ros_gz_sim:/home/notch/turtlebot3_ws/install/ros_gz_image:/home/notch/turtlebot3_ws/install/ros_gz_bridge:/home/notch/turtlebot3_ws/install/ros_gz_interfaces:/home/notch/turtlebot3_ws/install/multirobot_map_merge:/home/notch/turtlebot3_ws/install/explore_lite:/home/notch/turtlebot3_ws/install/explore_lite_msgs:/home/notch/turtlebot3_ws/install/dynamixel_sdk_examples:/home/notch/turtlebot3_ws/install/dynamixel_sdk_custom_interfaces:/home/notch/turtlebot3_ws/install/dynamixel_sdk:/home/notch/turtlebot3_ws/src/install/explore_lite:/home/notch/install/turtlebot3:/home/notch/install/turtlebot3_bringup:/home/notch/install/turtlebot3_node:/home/notch/install/turtlebot3_navigation2:/home/notch/install/turtlebot3_msgs:/home/notch/install/turtlebot3_description:/home/notch/install/turtlebot3_cartographer:/home/notch/install/test_ros_gz_bridge:/home/notch/install/ros_ign_interfaces:/home/notch/install/ros_ign:/home/notch/install/ros_ign_image:/home/notch/install/ros_ign_gazebo_demos:/home/notch/install/ros_ign_gazebo:/home/notch/install/ros_ign_bridge:/home/notch/install/ros_gz:/home/notch/install/ros_gz_sim_demos:/home/notch/install/ros_gz_sim:/home/notch/install/ros_gz_image:/home/notch/install/ros_gz_bridge:/home/notch/install/ros_gz_interfaces:/home/notch/install/explore_lite:/home/notch/install/dynamixel_sdk_examples:/home/notch/install/dynamixel_sdk_custom_interfaces:/home/notch/install/dynamixel_sdk:/home/notch/turtlebot3_ws/install/turtlebot3_teleop:/home/notch/turtlebot3_ws/install/turtlebot3_example:/home/notch/turtlebot3_ws/install/py_pubsub:/home/notch/turtlebot3_ws/install/my_explorer:/home/notch/turtlebot3_ws/install/auto_nav:/home/notch/install/turtlebot3_teleop:/home/notch/install/turtlebot3_example:/home/notch/install/my_explorer:/home/notch/install/auto_nav:/opt/ros/humble LD_LIBRARY_PATH=/home/notch/turtlebot3_ws/src/m-explore-ros2/install/explore_lite_msgs/lib:/home/notch/turtlebot3_ws/install/turtlebot3_msgs/lib:/home/notch/turtlebot3_ws/install/ros_ign_interfaces/lib:/home/notch/turtlebot3_ws/install/ros_gz_sim/lib:/home/notch/turtlebot3_ws/install/ros_gz_bridge/lib:/home/notch/turtlebot3_ws/install/ros_gz_interfaces/lib:/home/notch/turtlebot3_ws/install/multirobot_map_merge/lib:/home/notch/turtlebot3_ws/install/explore_lite_msgs/lib:/home/notch/turtlebot3_ws/install/dynamixel_sdk_custom_interfaces/lib:/home/notch/turtlebot3_ws/install/dynamixel_sdk/lib:/home/notch/install/turtlebot3_msgs/lib:/home/notch/install/ros_ign_interfaces/lib:/home/notch/install/ros_gz_sim/lib:/home/notch/install/ros_gz_bridge/lib:/home/notch/install/ros_gz_interfaces/lib:/home/notch/install/dynamixel_sdk_custom_interfaces/lib:/home/notch/install/dynamixel_sdk/lib:/opt/ros/humble/opt/rviz_ogre_vendor/lib:/opt/ros/humble/lib/x86_64-linux-gnu:/opt/ros/humble/lib:/usr/lib/x86_64-linux-gnu/gazebo-11/plugins:/usr/lib/x86_64-linux-gnu/gazebo-11/plugins:/usr/lib/x86_64-linux-gnu/gazebo-11/plugins PYTHONPATH=/home/notch/turtlebot3_ws/src/m-explore-ros2/install/explore_lite_msgs/local/lib/python3.10/dist-packages:${PYTHONPATH} /usr/bin/cmake --build /home/notch/turtlebot3_ws/src/m-explore-ros2/build/explore_lite -- -j18 -l18
[14.497s] DEBUG:colcon.colcon_core.event_handler.log_command:Invoking command in '/home/notch/turtlebot3_ws/src/m-explore-ros2/build/explore_lite': AMENT_PREFIX_PATH=/home/notch/turtlebot3_ws/src/m-explore-ros2/install/explore_lite_msgs:${AMENT_PREFIX_PATH} CMAKE_PREFIX_PATH=/home/notch/turtlebot3_ws/src/m-explore-ros2/install/explore_lite_msgs:/home/notch/turtlebot3_ws/install/turtlebot3:/home/notch/turtlebot3_ws/install/turtlebot3_simulations:/home/notch/turtlebot3_ws/install/turtlebot3_bringup:/home/notch/turtlebot3_ws/install/turtlebot3_node:/home/notch/turtlebot3_ws/install/turtlebot3_navigation2:/home/notch/turtlebot3_ws/install/turtlebot3_fake_node:/home/notch/turtlebot3_ws/install/turtlebot3_msgs:/home/notch/turtlebot3_ws/install/turtlebot3_manipulation_gazebo:/home/notch/turtlebot3_ws/install/turtlebot3_gazebo:/home/notch/turtlebot3_ws/install/turtlebot3_description:/home/notch/turtlebot3_ws/install/turtlebot3_cartographer:/home/notch/turtlebot3_ws/install/test_ros_gz_bridge:/home/notch/turtlebot3_ws/install/ros_ign_interfaces:/home/notch/turtlebot3_ws/install/ros_ign:/home/notch/turtlebot3_ws/install/ros_ign_image:/home/notch/turtlebot3_ws/install/ros_ign_gazebo_demos:/home/notch/turtlebot3_ws/install/ros_ign_gazebo:/home/notch/turtlebot3_ws/install/ros_ign_bridge:/home/notch/turtlebot3_ws/install/ros_gz:/home/notch/turtlebot3_ws/install/ros_gz_sim_demos:/home/notch/turtlebot3_ws/install/ros_gz_sim:/home/notch/turtlebot3_ws/install/ros_gz_image:/home/notch/turtlebot3_ws/install/ros_gz_bridge:/home/notch/turtlebot3_ws/install/ros_gz_interfaces:/home/notch/turtlebot3_ws/install/multirobot_map_merge:/home/notch/turtlebot3_ws/install/explore_lite:/home/notch/turtlebot3_ws/install/explore_lite_msgs:/home/notch/turtlebot3_ws/install/dynamixel_sdk_examples:/home/notch/turtlebot3_ws/install/dynamixel_sdk_custom_interfaces:/home/notch/turtlebot3_ws/install/dynamixel_sdk:/home/notch/turtlebot3_ws/src/install/explore_lite:/home/notch/install/turtlebot3:/home/notch/install/turtlebot3_bringup:/home/notch/install/turtlebot3_node:/home/notch/install/turtlebot3_navigation2:/home/notch/install/turtlebot3_msgs:/home/notch/install/turtlebot3_description:/home/notch/install/turtlebot3_cartographer:/home/notch/install/test_ros_gz_bridge:/home/notch/install/ros_ign_interfaces:/home/notch/install/ros_ign:/home/notch/install/ros_ign_image:/home/notch/install/ros_ign_gazebo_demos:/home/notch/install/ros_ign_gazebo:/home/notch/install/ros_ign_bridge:/home/notch/install/ros_gz:/home/notch/install/ros_gz_sim_demos:/home/notch/install/ros_gz_sim:/home/notch/install/ros_gz_image:/home/notch/install/ros_gz_bridge:/home/notch/install/ros_gz_interfaces:/home/notch/install/explore_lite:/home/notch/install/dynamixel_sdk_examples:/home/notch/install/dynamixel_sdk_custom_interfaces:/home/notch/install/dynamixel_sdk:/home/notch/turtlebot3_ws/install/turtlebot3_teleop:/home/notch/turtlebot3_ws/install/turtlebot3_example:/home/notch/turtlebot3_ws/install/py_pubsub:/home/notch/turtlebot3_ws/install/my_explorer:/home/notch/turtlebot3_ws/install/auto_nav:/home/notch/install/turtlebot3_teleop:/home/notch/install/turtlebot3_example:/home/notch/install/my_explorer:/home/notch/install/auto_nav:/opt/ros/humble LD_LIBRARY_PATH=/home/notch/turtlebot3_ws/src/m-explore-ros2/install/explore_lite_msgs/lib:/home/notch/turtlebot3_ws/install/turtlebot3_msgs/lib:/home/notch/turtlebot3_ws/install/ros_ign_interfaces/lib:/home/notch/turtlebot3_ws/install/ros_gz_sim/lib:/home/notch/turtlebot3_ws/install/ros_gz_bridge/lib:/home/notch/turtlebot3_ws/install/ros_gz_interfaces/lib:/home/notch/turtlebot3_ws/install/multirobot_map_merge/lib:/home/notch/turtlebot3_ws/install/explore_lite_msgs/lib:/home/notch/turtlebot3_ws/install/dynamixel_sdk_custom_interfaces/lib:/home/notch/turtlebot3_ws/install/dynamixel_sdk/lib:/home/notch/install/turtlebot3_msgs/lib:/home/notch/install/ros_ign_interfaces/lib:/home/notch/install/ros_gz_sim/lib:/home/notch/install/ros_gz_bridge/lib:/home/notch/install/ros_gz_interfaces/lib:/home/notch/install/dynamixel_sdk_custom_interfaces/lib:/home/notch/install/dynamixel_sdk/lib:/opt/ros/humble/opt/rviz_ogre_vendor/lib:/opt/ros/humble/lib/x86_64-linux-gnu:/opt/ros/humble/lib:/usr/lib/x86_64-linux-gnu/gazebo-11/plugins:/usr/lib/x86_64-linux-gnu/gazebo-11/plugins:/usr/lib/x86_64-linux-gnu/gazebo-11/plugins PYTHONPATH=/home/notch/turtlebot3_ws/src/m-explore-ros2/install/explore_lite_msgs/local/lib/python3.10/dist-packages:${PYTHONPATH} /usr/bin/cmake --install /home/notch/turtlebot3_ws/src/m-explore-ros2/build/explore_lite
[14.660s] Level 1:colcon.colcon_core.environment:create_environment_scripts_only(explore_lite)
[14.660s] Level 1:colcon.colcon_core.environment:checking '/home/notch/turtlebot3_ws/src/m-explore-ros2/install/explore_lite' for CMake module files
[14.661s] DEBUG:colcon.colcon_core.event_handler.log_command:Invoked command in '/home/notch/turtlebot3_ws/src/m-explore-ros2/build/explore_lite' returned '0': AMENT_PREFIX_PATH=/home/notch/turtlebot3_ws/src/m-explore-ros2/install/explore_lite_msgs:${AMENT_PREFIX_PATH} CMAKE_PREFIX_PATH=/home/notch/turtlebot3_ws/src/m-explore-ros2/install/explore_lite_msgs:/home/notch/turtlebot3_ws/install/turtlebot3:/home/notch/turtlebot3_ws/install/turtlebot3_simulations:/home/notch/turtlebot3_ws/install/turtlebot3_bringup:/home/notch/turtlebot3_ws/install/turtlebot3_node:/home/notch/turtlebot3_ws/install/turtlebot3_navigation2:/home/notch/turtlebot3_ws/install/turtlebot3_fake_node:/home/notch/turtlebot3_ws/install/turtlebot3_msgs:/home/notch/turtlebot3_ws/install/turtlebot3_manipulation_gazebo:/home/notch/turtlebot3_ws/install/turtlebot3_gazebo:/home/notch/turtlebot3_ws/install/turtlebot3_description:/home/notch/turtlebot3_ws/install/turtlebot3_cartographer:/home/notch/turtlebot3_ws/install/test_ros_gz_bridge:/home/notch/turtlebot3_ws/install/ros_ign_interfaces:/home/notch/turtlebot3_ws/install/ros_ign:/home/notch/turtlebot3_ws/install/ros_ign_image:/home/notch/turtlebot3_ws/install/ros_ign_gazebo_demos:/home/notch/turtlebot3_ws/install/ros_ign_gazebo:/home/notch/turtlebot3_ws/install/ros_ign_bridge:/home/notch/turtlebot3_ws/install/ros_gz:/home/notch/turtlebot3_ws/install/ros_gz_sim_demos:/home/notch/turtlebot3_ws/install/ros_gz_sim:/home/notch/turtlebot3_ws/install/ros_gz_image:/home/notch/turtlebot3_ws/install/ros_gz_bridge:/home/notch/turtlebot3_ws/install/ros_gz_interfaces:/home/notch/turtlebot3_ws/install/multirobot_map_merge:/home/notch/turtlebot3_ws/install/explore_lite:/home/notch/turtlebot3_ws/install/explore_lite_msgs:/home/notch/turtlebot3_ws/install/dynamixel_sdk_examples:/home/notch/turtlebot3_ws/install/dynamixel_sdk_custom_interfaces:/home/notch/turtlebot3_ws/install/dynamixel_sdk:/home/notch/turtlebot3_ws/src/install/explore_lite:/home/notch/install/turtlebot3:/home/notch/install/turtlebot3_bringup:/home/notch/install/turtlebot3_node:/home/notch/install/turtlebot3_navigation2:/home/notch/install/turtlebot3_msgs:/home/notch/install/turtlebot3_description:/home/notch/install/turtlebot3_cartographer:/home/notch/install/test_ros_gz_bridge:/home/notch/install/ros_ign_interfaces:/home/notch/install/ros_ign:/home/notch/install/ros_ign_image:/home/notch/install/ros_ign_gazebo_demos:/home/notch/install/ros_ign_gazebo:/home/notch/install/ros_ign_bridge:/home/notch/install/ros_gz:/home/notch/install/ros_gz_sim_demos:/home/notch/install/ros_gz_sim:/home/notch/install/ros_gz_image:/home/notch/install/ros_gz_bridge:/home/notch/install/ros_gz_interfaces:/home/notch/install/explore_lite:/home/notch/install/dynamixel_sdk_examples:/home/notch/install/dynamixel_sdk_custom_interfaces:/home/notch/install/dynamixel_sdk:/home/notch/turtlebot3_ws/install/turtlebot3_teleop:/home/notch/turtlebot3_ws/install/turtlebot3_example:/home/notch/turtlebot3_ws/install/py_pubsub:/home/notch/turtlebot3_ws/install/my_explorer:/home/notch/turtlebot3_ws/install/auto_nav:/home/notch/install/turtlebot3_teleop:/home/notch/install/turtlebot3_example:/home/notch/install/my_explorer:/home/notch/install/auto_nav:/opt/ros/humble LD_LIBRARY_PATH=/home/notch/turtlebot3_ws/src/m-explore-ros2/install/explore_lite_msgs/lib:/home/notch/turtlebot3_ws/install/turtlebot3_msgs/lib:/home/notch/turtlebot3_ws/install/ros_ign_interfaces/lib:/home/notch/turtlebot3_ws/install/ros_gz_sim/lib:/home/notch/turtlebot3_ws/install/ros_gz_bridge/lib:/home/notch/turtlebot3_ws/install/ros_gz_interfaces/lib:/home/notch/turtlebot3_ws/install/multirobot_map_merge/lib:/home/notch/turtlebot3_ws/install/explore_lite_msgs/lib:/home/notch/turtlebot3_ws/install/dynamixel_sdk_custom_interfaces/lib:/home/notch/turtlebot3_ws/install/dynamixel_sdk/lib:/home/notch/install/turtlebot3_msgs/lib:/home/notch/install/ros_ign_interfaces/lib:/home/notch/install/ros_gz_sim/lib:/home/notch/install/ros_gz_bridge/lib:/home/notch/install/ros_gz_interfaces/lib:/home/notch/install/dynamixel_sdk_custom_interfaces/lib:/home/notch/install/dynamixel_sdk/lib:/opt/ros/humble/opt/rviz_ogre_vendor/lib:/opt/ros/humble/lib/x86_64-linux-gnu:/opt/ros/humble/lib:/usr/lib/x86_64-linux-gnu/gazebo-11/plugins:/usr/lib/x86_64-linux-gnu/gazebo-11/plugins:/usr/lib/x86_64-linux-gnu/gazebo-11/plugins PYTHONPATH=/home/notch/turtlebot3_ws/src/m-explore-ros2/install/explore_lite_msgs/local/lib/python3.10/dist-packages:${PYTHONPATH} /usr/bin/cmake --install /home/notch/turtlebot3_ws/src/m-explore-ros2/build/explore_lite
[14.661s] Level 1:colcon.colcon_core.environment:checking '/home/notch/turtlebot3_ws/src/m-explore-ros2/install/explore_lite' for CMake config files
[14.661s] Level 1:colcon.colcon_core.shell:create_environment_hook('explore_lite', 'cmake_prefix_path')
[14.662s] INFO:colcon.colcon_core.shell:Creating environment hook '/home/notch/turtlebot3_ws/src/m-explore-ros2/install/explore_lite/share/explore_lite/hook/cmake_prefix_path.ps1'
[14.662s] INFO:colcon.colcon_core.shell:Creating environment descriptor '/home/notch/turtlebot3_ws/src/m-explore-ros2/install/explore_lite/share/explore_lite/hook/cmake_prefix_path.dsv'
[14.662s] INFO:colcon.colcon_core.shell:Creating environment hook '/home/notch/turtlebot3_ws/src/m-explore-ros2/install/explore_lite/share/explore_lite/hook/cmake_prefix_path.sh'
[14.663s] Level 1:colcon.colcon_core.environment:checking '/home/notch/turtlebot3_ws/src/m-explore-ros2/install/explore_lite/lib'
[14.663s] Level 1:colcon.colcon_core.environment:checking '/home/notch/turtlebot3_ws/src/m-explore-ros2/install/explore_lite/bin'
[14.663s] Level 1:colcon.colcon_core.environment:checking '/home/notch/turtlebot3_ws/src/m-explore-ros2/install/explore_lite/lib/pkgconfig/explore_lite.pc'
[14.663s] Level 1:colcon.colcon_core.environment:checking '/home/notch/turtlebot3_ws/src/m-explore-ros2/install/explore_lite/lib/python3.10/site-packages'
[14.663s] Level 1:colcon.colcon_core.environment:checking '/home/notch/turtlebot3_ws/src/m-explore-ros2/install/explore_lite/bin'
[14.664s] INFO:colcon.colcon_core.shell:Creating package script '/home/notch/turtlebot3_ws/src/m-explore-ros2/install/explore_lite/share/explore_lite/package.ps1'
[14.664s] INFO:colcon.colcon_core.shell:Creating package descriptor '/home/notch/turtlebot3_ws/src/m-explore-ros2/install/explore_lite/share/explore_lite/package.dsv'
[14.664s] INFO:colcon.colcon_core.shell:Creating package script '/home/notch/turtlebot3_ws/src/m-explore-ros2/install/explore_lite/share/explore_lite/package.sh'
[14.665s] INFO:colcon.colcon_core.shell:Creating package script '/home/notch/turtlebot3_ws/src/m-explore-ros2/install/explore_lite/share/explore_lite/package.bash'
[14.665s] INFO:colcon.colcon_core.shell:Creating package script '/home/notch/turtlebot3_ws/src/m-explore-ros2/install/explore_lite/share/explore_lite/package.zsh'
[14.665s] Level 1:colcon.colcon_core.environment:create_file_with_runtime_dependencies(/home/notch/turtlebot3_ws/src/m-explore-ros2/install/explore_lite/share/colcon-core/packages/explore_lite)
[14.666s] Level 1:colcon.colcon_core.environment:create_environment_scripts_only(explore_lite)
[14.666s] Level 1:colcon.colcon_core.environment:checking '/home/notch/turtlebot3_ws/src/m-explore-ros2/install/explore_lite' for CMake module files
[14.666s] Level 1:colcon.colcon_core.environment:checking '/home/notch/turtlebot3_ws/src/m-explore-ros2/install/explore_lite' for CMake config files
[14.666s] Level 1:colcon.colcon_core.shell:create_environment_hook('explore_lite', 'cmake_prefix_path')
[14.666s] INFO:colcon.colcon_core.shell:Creating environment hook '/home/notch/turtlebot3_ws/src/m-explore-ros2/install/explore_lite/share/explore_lite/hook/cmake_prefix_path.ps1'
[14.667s] INFO:colcon.colcon_core.shell:Creating environment descriptor '/home/notch/turtlebot3_ws/src/m-explore-ros2/install/explore_lite/share/explore_lite/hook/cmake_prefix_path.dsv'
[14.667s] INFO:colcon.colcon_core.shell:Creating environment hook '/home/notch/turtlebot3_ws/src/m-explore-ros2/install/explore_lite/share/explore_lite/hook/cmake_prefix_path.sh'
[14.667s] Level 1:colcon.colcon_core.environment:checking '/home/notch/turtlebot3_ws/src/m-explore-ros2/install/explore_lite/lib'
[14.667s] Level 1:colcon.colcon_core.environment:checking '/home/notch/turtlebot3_ws/src/m-explore-ros2/install/explore_lite/bin'
[14.668s] Level 1:colcon.colcon_core.environment:checking '/home/notch/turtlebot3_ws/src/m-explore-ros2/install/explore_lite/lib/pkgconfig/explore_lite.pc'
[14.668s] Level 1:colcon.colcon_core.environment:checking '/home/notch/turtlebot3_ws/src/m-explore-ros2/install/explore_lite/lib/python3.10/site-packages'
[14.668s] Level 1:colcon.colcon_core.environment:checking '/home/notch/turtlebot3_ws/src/m-explore-ros2/install/explore_lite/bin'
[14.668s] INFO:colcon.colcon_core.shell:Creating package script '/home/notch/turtlebot3_ws/src/m-explore-ros2/install/explore_lite/share/explore_lite/package.ps1'
[14.669s] INFO:colcon.colcon_core.shell:Creating package descriptor '/home/notch/turtlebot3_ws/src/m-explore-ros2/install/explore_lite/share/explore_lite/package.dsv'
[14.669s] INFO:colcon.colcon_core.shell:Creating package script '/home/notch/turtlebot3_ws/src/m-explore-ros2/install/explore_lite/share/explore_lite/package.sh'
[14.669s] INFO:colcon.colcon_core.shell:Creating package script '/home/notch/turtlebot3_ws/src/m-explore-ros2/install/explore_lite/share/explore_lite/package.bash'
[14.669s] INFO:colcon.colcon_core.shell:Creating package script '/home/notch/turtlebot3_ws/src/m-explore-ros2/install/explore_lite/share/explore_lite/package.zsh'
[14.670s] Level 1:colcon.colcon_core.environment:create_file_with_runtime_dependencies(/home/notch/turtlebot3_ws/src/m-explore-ros2/install/explore_lite/share/colcon-core/packages/explore_lite)
[14.670s] DEBUG:colcon.colcon_parallel_executor.executor.parallel:closing loop
[14.670s] DEBUG:colcon.colcon_parallel_executor.executor.parallel:loop closed
[14.670s] DEBUG:colcon.colcon_parallel_executor.executor.parallel:run_until_complete finished with '0'
[14.671s] DEBUG:colcon.colcon_core.event_reactor:joining thread
[14.674s] INFO:colcon.colcon_core.plugin_system:Skipping extension 'colcon_notification.desktop_notification.terminal_notifier': Not used on non-Darwin systems
[14.674s] INFO:colcon.colcon_core.plugin_system:Skipping extension 'colcon_notification.desktop_notification.win32': Not used on non-Windows systems
[14.674s] INFO:colcon.colcon_notification.desktop_notification:Sending desktop notification using 'notify2'
[14.681s] DEBUG:colcon.colcon_core.event_reactor:joined thread
[14.682s] INFO:colcon.colcon_core.shell:Creating prefix script '/home/notch/turtlebot3_ws/src/m-explore-ros2/install/local_setup.ps1'
[14.683s] INFO:colcon.colcon_core.shell:Creating prefix util module '/home/notch/turtlebot3_ws/src/m-explore-ros2/install/_local_setup_util_ps1.py'
[14.684s] INFO:colcon.colcon_core.shell:Creating prefix chain script '/home/notch/turtlebot3_ws/src/m-explore-ros2/install/setup.ps1'
[14.687s] INFO:colcon.colcon_core.shell:Creating prefix script '/home/notch/turtlebot3_ws/src/m-explore-ros2/install/local_setup.sh'
[14.687s] INFO:colcon.colcon_core.shell:Creating prefix util module '/home/notch/turtlebot3_ws/src/m-explore-ros2/install/_local_setup_util_sh.py'
[14.688s] INFO:colcon.colcon_core.shell:Creating prefix chain script '/home/notch/turtlebot3_ws/src/m-explore-ros2/install/setup.sh'
[14.690s] INFO:colcon.colcon_core.shell:Creating prefix script '/home/notch/turtlebot3_ws/src/m-explore-ros2/install/local_setup.bash'
[14.691s] INFO:colcon.colcon_core.shell:Creating prefix chain script '/home/notch/turtlebot3_ws/src/m-explore-ros2/install/setup.bash'
[14.692s] INFO:colcon.colcon_core.shell:Creating prefix script '/home/notch/turtlebot3_ws/src/m-explore-ros2/install/local_setup.zsh'
[14.692s] INFO:colcon.colcon_core.shell:Creating prefix chain script '/home/notch/turtlebot3_ws/src/m-explore-ros2/install/setup.zsh'
